2015-06-18 14:41:57 Notice: Notice (8): Undefined variable: page in [C:\xampp\htdocs\Projeto\Cake\src\Template\LoginMoscamed\index.ctp, line 14]
Trace:
Cake\Error\BaseErrorHandler::handleError() - CORE\src\Error\BaseErrorHandler.php, line 138
include - APP/Template\LoginMoscamed\index.ctp, line 14
Cake\View\View::_evaluate() - CORE\src\View\View.php, line 815
Cake\View\View::_render() - CORE\src\View\View.php, line 775
Cake\View\View::render() - CORE\src\View\View.php, line 463
Cake\Controller\Controller::render() - CORE\src\Controller\Controller.php, line 581
Cake\Routing\Dispatcher::_invoke() - CORE\src\Routing\Dispatcher.php, line 120
Cake\Routing\Dispatcher::dispatch() - CORE\src\Routing\Dispatcher.php, line 87
[main] - ROOT\webroot\index.php, line 37



2015-06-18 14:43:01 Notice: Notice (8): Undefined variable: page in [C:\xampp\htdocs\Projeto\Cake\src\Template\LoginMoscamed\index.ctp, line 14]
Trace:
Cake\Error\BaseErrorHandler::handleError() - CORE\src\Error\BaseErrorHandler.php, line 138
include - APP/Template\LoginMoscamed\index.ctp, line 14
Cake\View\View::_evaluate() - CORE\src\View\View.php, line 815
Cake\View\View::_render() - CORE\src\View\View.php, line 775
Cake\View\View::render() - CORE\src\View\View.php, line 463
Cake\Controller\Controller::render() - CORE\src\Controller\Controller.php, line 581
Cake\Routing\Dispatcher::_invoke() - CORE\src\Routing\Dispatcher.php, line 120
Cake\Routing\Dispatcher::dispatch() - CORE\src\Routing\Dispatcher.php, line 87
[main] - ROOT\webroot\index.php, line 37



2015-06-18 14:46:03 Notice: Notice (8): Undefined variable: login in [C:\xampp\htdocs\Projeto\Cake\src\Template\LoginMoscamed\edit.ctp, line 18]
Trace:
Cake\Error\BaseErrorHandler::handleError() - CORE\src\Error\BaseErrorHandler.php, line 138
include - APP/Template\LoginMoscamed\edit.ctp, line 18
Cake\View\View::_evaluate() - CORE\src\View\View.php, line 815
Cake\View\View::_render() - CORE\src\View\View.php, line 775
Cake\View\View::render() - CORE\src\View\View.php, line 463
Cake\Controller\Controller::render() - CORE\src\Controller\Controller.php, line 581
Cake\Routing\Dispatcher::_invoke() - CORE\src\Routing\Dispatcher.php, line 120
Cake\Routing\Dispatcher::dispatch() - CORE\src\Routing\Dispatcher.php, line 87
[main] - ROOT\webroot\index.php, line 37



2015-06-18 14:46:03 Notice: Notice (8): Undefined index: pageCount in [C:\xampp\htdocs\Projeto\Cake\vendor\cakephp\cakephp\src\View\Helper\PaginatorHelper.php, line 625]
Trace:
Cake\Error\BaseErrorHandler::handleError() - CORE\src\Error\BaseErrorHandler.php, line 138
Cake\View\Helper\PaginatorHelper::numbers() - CORE\src\View\Helper\PaginatorHelper.php, line 625
include - APP/Template\LoginMoscamed\edit.ctp, line 36
Cake\View\View::_evaluate() - CORE\src\View\View.php, line 815
Cake\View\View::_render() - CORE\src\View\View.php, line 775
Cake\View\View::render() - CORE\src\View\View.php, line 463
Cake\Controller\Controller::render() - CORE\src\Controller\Controller.php, line 581
Cake\Routing\Dispatcher::_invoke() - CORE\src\Routing\Dispatcher.php, line 120
Cake\Routing\Dispatcher::dispatch() - CORE\src\Routing\Dispatcher.php, line 87
[main] - ROOT\webroot\index.php, line 37



2015-06-18 14:46:03 Notice: Notice (8): Undefined index: pageCount in [C:\xampp\htdocs\Projeto\Cake\vendor\cakephp\cakephp\src\View\Helper\PaginatorHelper.php, line 548]
Trace:
Cake\Error\BaseErrorHandler::handleError() - CORE\src\Error\BaseErrorHandler.php, line 138
Cake\View\Helper\PaginatorHelper::counter() - CORE\src\View\Helper\PaginatorHelper.php, line 548
include - APP/Template\LoginMoscamed\edit.ctp, line 39
Cake\View\View::_evaluate() - CORE\src\View\View.php, line 815
Cake\View\View::_render() - CORE\src\View\View.php, line 775
Cake\View\View::render() - CORE\src\View\View.php, line 463
Cake\Controller\Controller::render() - CORE\src\Controller\Controller.php, line 581
Cake\Routing\Dispatcher::_invoke() - CORE\src\Routing\Dispatcher.php, line 120
Cake\Routing\Dispatcher::dispatch() - CORE\src\Routing\Dispatcher.php, line 87
[main] - ROOT\webroot\index.php, line 37



2015-06-18 14:46:03 Notice: Notice (8): Undefined index: count in [C:\xampp\htdocs\Projeto\Cake\vendor\cakephp\cakephp\src\View\Helper\PaginatorHelper.php, line 552]
Trace:
Cake\Error\BaseErrorHandler::handleError() - CORE\src\Error\BaseErrorHandler.php, line 138
Cake\View\Helper\PaginatorHelper::counter() - CORE\src\View\Helper\PaginatorHelper.php, line 552
include - APP/Template\LoginMoscamed\edit.ctp, line 39
Cake\View\View::_evaluate() - CORE\src\View\View.php, line 815
Cake\View\View::_render() - CORE\src\View\View.php, line 775
Cake\View\View::render() - CORE\src\View\View.php, line 463
Cake\Controller\Controller::render() - CORE\src\Controller\Controller.php, line 581
Cake\Routing\Dispatcher::_invoke() - CORE\src\Routing\Dispatcher.php, line 120
Cake\Routing\Dispatcher::dispatch() - CORE\src\Routing\Dispatcher.php, line 87
[main] - ROOT\webroot\index.php, line 37



2015-06-18 14:46:03 Notice: Notice (8): Undefined index: perPage in [C:\xampp\htdocs\Projeto\Cake\vendor\cakephp\cakephp\src\View\Helper\PaginatorHelper.php, line 555]
Trace:
Cake\Error\BaseErrorHandler::handleError() - CORE\src\Error\BaseErrorHandler.php, line 138
Cake\View\Helper\PaginatorHelper::counter() - CORE\src\View\Helper\PaginatorHelper.php, line 555
include - APP/Template\LoginMoscamed\edit.ctp, line 39
Cake\View\View::_evaluate() - CORE\src\View\View.php, line 815
Cake\View\View::_render() - CORE\src\View\View.php, line 775
Cake\View\View::render() - CORE\src\View\View.php, line 463
Cake\Controller\Controller::render() - CORE\src\Controller\Controller.php, line 581
Cake\Routing\Dispatcher::_invoke() - CORE\src\Routing\Dispatcher.php, line 120
Cake\Routing\Dispatcher::dispatch() - CORE\src\Routing\Dispatcher.php, line 87
[main] - ROOT\webroot\index.php, line 37



2015-06-18 14:46:03 Notice: Notice (8): Undefined index: count in [C:\xampp\htdocs\Projeto\Cake\vendor\cakephp\cakephp\src\View\Helper\PaginatorHelper.php, line 556]
Trace:
Cake\Error\BaseErrorHandler::handleError() - CORE\src\Error\BaseErrorHandler.php, line 138
Cake\View\Helper\PaginatorHelper::counter() - CORE\src\View\Helper\PaginatorHelper.php, line 556
include - APP/Template\LoginMoscamed\edit.ctp, line 39
Cake\View\View::_evaluate() - CORE\src\View\View.php, line 815
Cake\View\View::_render() - CORE\src\View\View.php, line 775
Cake\View\View::render() - CORE\src\View\View.php, line 463
Cake\Controller\Controller::render() - CORE\src\Controller\Controller.php, line 581
Cake\Routing\Dispatcher::_invoke() - CORE\src\Routing\Dispatcher.php, line 120
Cake\Routing\Dispatcher::dispatch() - CORE\src\Routing\Dispatcher.php, line 87
[main] - ROOT\webroot\index.php, line 37



2015-06-18 14:46:03 Notice: Notice (8): Undefined index: count in [C:\xampp\htdocs\Projeto\Cake\vendor\cakephp\cakephp\src\View\Helper\PaginatorHelper.php, line 557]
Trace:
Cake\Error\BaseErrorHandler::handleError() - CORE\src\Error\BaseErrorHandler.php, line 138
Cake\View\Helper\PaginatorHelper::counter() - CORE\src\View\Helper\PaginatorHelper.php, line 557
include - APP/Template\LoginMoscamed\edit.ctp, line 39
Cake\View\View::_evaluate() - CORE\src\View\View.php, line 815
Cake\View\View::_render() - CORE\src\View\View.php, line 775
Cake\View\View::render() - CORE\src\View\View.php, line 463
Cake\Controller\Controller::render() - CORE\src\Controller\Controller.php, line 581
Cake\Routing\Dispatcher::_invoke() - CORE\src\Routing\Dispatcher.php, line 120
Cake\Routing\Dispatcher::dispatch() - CORE\src\Routing\Dispatcher.php, line 87
[main] - ROOT\webroot\index.php, line 37



2015-06-18 14:46:03 Notice: Notice (8): Undefined index: page in [C:\xampp\htdocs\Projeto\Cake\vendor\cakephp\cakephp\src\View\Helper\PaginatorHelper.php, line 570]
Trace:
Cake\Error\BaseErrorHandler::handleError() - CORE\src\Error\BaseErrorHandler.php, line 138
Cake\View\Helper\PaginatorHelper::counter() - CORE\src\View\Helper\PaginatorHelper.php, line 570
include - APP/Template\LoginMoscamed\edit.ctp, line 39
Cake\View\View::_evaluate() - CORE\src\View\View.php, line 815
Cake\View\View::_render() - CORE\src\View\View.php, line 775
Cake\View\View::render() - CORE\src\View\View.php, line 463
Cake\Controller\Controller::render() - CORE\src\Controller\Controller.php, line 581
Cake\Routing\Dispatcher::_invoke() - CORE\src\Routing\Dispatcher.php, line 120
Cake\Routing\Dispatcher::dispatch() - CORE\src\Routing\Dispatcher.php, line 87
[main] - ROOT\webroot\index.php, line 37



2015-06-18 14:46:03 Notice: Notice (8): Undefined index: current in [C:\xampp\htdocs\Projeto\Cake\vendor\cakephp\cakephp\src\View\Helper\PaginatorHelper.php, line 572]
Trace:
Cake\Error\BaseErrorHandler::handleError() - CORE\src\Error\BaseErrorHandler.php, line 138
Cake\View\Helper\PaginatorHelper::counter() - CORE\src\View\Helper\PaginatorHelper.php, line 572
include - APP/Template\LoginMoscamed\edit.ctp, line 39
Cake\View\View::_evaluate() - CORE\src\View\View.php, line 815
Cake\View\View::_render() - CORE\src\View\View.php, line 775
Cake\View\View::render() - CORE\src\View\View.php, line 463
Cake\Controller\Controller::render() - CORE\src\Controller\Controller.php, line 581
Cake\Routing\Dispatcher::_invoke() - CORE\src\Routing\Dispatcher.php, line 120
Cake\Routing\Dispatcher::dispatch() - CORE\src\Routing\Dispatcher.php, line 87
[main] - ROOT\webroot\index.php, line 37



2015-06-18 14:46:03 Notice: Notice (8): Undefined index: count in [C:\xampp\htdocs\Projeto\Cake\vendor\cakephp\cakephp\src\View\Helper\PaginatorHelper.php, line 573]
Trace:
Cake\Error\BaseErrorHandler::handleError() - CORE\src\Error\BaseErrorHandler.php, line 138
Cake\View\Helper\PaginatorHelper::counter() - CORE\src\View\Helper\PaginatorHelper.php, line 573
include - APP/Template\LoginMoscamed\edit.ctp, line 39
Cake\View\View::_evaluate() - CORE\src\View\View.php, line 815
Cake\View\View::_render() - CORE\src\View\View.php, line 775
Cake\View\View::render() - CORE\src\View\View.php, line 463
Cake\Controller\Controller::render() - CORE\src\Controller\Controller.php, line 581
Cake\Routing\Dispatcher::_invoke() - CORE\src\Routing\Dispatcher.php, line 120
Cake\Routing\Dispatcher::dispatch() - CORE\src\Routing\Dispatcher.php, line 87
[main] - ROOT\webroot\index.php, line 37



2015-06-18 14:53:40 Notice: Notice (8): Undefined variable: login in [C:\xampp\htdocs\Projeto\Cake\src\Template\LoginMoscamed\edit.ctp, line 18]
Trace:
Cake\Error\BaseErrorHandler::handleError() - CORE\src\Error\BaseErrorHandler.php, line 138
include - APP/Template\LoginMoscamed\edit.ctp, line 18
Cake\View\View::_evaluate() - CORE\src\View\View.php, line 815
Cake\View\View::_render() - CORE\src\View\View.php, line 775
Cake\View\View::render() - CORE\src\View\View.php, line 463
Cake\Controller\Controller::render() - CORE\src\Controller\Controller.php, line 581
Cake\Routing\Dispatcher::_invoke() - CORE\src\Routing\Dispatcher.php, line 120
Cake\Routing\Dispatcher::dispatch() - CORE\src\Routing\Dispatcher.php, line 87
[main] - ROOT\webroot\index.php, line 37



2015-06-18 14:53:40 Notice: Notice (8): Undefined index: pageCount in [C:\xampp\htdocs\Projeto\Cake\vendor\cakephp\cakephp\src\View\Helper\PaginatorHelper.php, line 625]
Trace:
Cake\Error\BaseErrorHandler::handleError() - CORE\src\Error\BaseErrorHandler.php, line 138
Cake\View\Helper\PaginatorHelper::numbers() - CORE\src\View\Helper\PaginatorHelper.php, line 625
include - APP/Template\LoginMoscamed\edit.ctp, line 36
Cake\View\View::_evaluate() - CORE\src\View\View.php, line 815
Cake\View\View::_render() - CORE\src\View\View.php, line 775
Cake\View\View::render() - CORE\src\View\View.php, line 463
Cake\Controller\Controller::render() - CORE\src\Controller\Controller.php, line 581
Cake\Routing\Dispatcher::_invoke() - CORE\src\Routing\Dispatcher.php, line 120
Cake\Routing\Dispatcher::dispatch() - CORE\src\Routing\Dispatcher.php, line 87
[main] - ROOT\webroot\index.php, line 37



2015-06-18 14:53:40 Notice: Notice (8): Undefined index: pageCount in [C:\xampp\htdocs\Projeto\Cake\vendor\cakephp\cakephp\src\View\Helper\PaginatorHelper.php, line 548]
Trace:
Cake\Error\BaseErrorHandler::handleError() - CORE\src\Error\BaseErrorHandler.php, line 138
Cake\View\Helper\PaginatorHelper::counter() - CORE\src\View\Helper\PaginatorHelper.php, line 548
include - APP/Template\LoginMoscamed\edit.ctp, line 39
Cake\View\View::_evaluate() - CORE\src\View\View.php, line 815
Cake\View\View::_render() - CORE\src\View\View.php, line 775
Cake\View\View::render() - CORE\src\View\View.php, line 463
Cake\Controller\Controller::render() - CORE\src\Controller\Controller.php, line 581
Cake\Routing\Dispatcher::_invoke() - CORE\src\Routing\Dispatcher.php, line 120
Cake\Routing\Dispatcher::dispatch() - CORE\src\Routing\Dispatcher.php, line 87
[main] - ROOT\webroot\index.php, line 37



2015-06-18 14:53:40 Notice: Notice (8): Undefined index: count in [C:\xampp\htdocs\Projeto\Cake\vendor\cakephp\cakephp\src\View\Helper\PaginatorHelper.php, line 552]
Trace:
Cake\Error\BaseErrorHandler::handleError() - CORE\src\Error\BaseErrorHandler.php, line 138
Cake\View\Helper\PaginatorHelper::counter() - CORE\src\View\Helper\PaginatorHelper.php, line 552
include - APP/Template\LoginMoscamed\edit.ctp, line 39
Cake\View\View::_evaluate() - CORE\src\View\View.php, line 815
Cake\View\View::_render() - CORE\src\View\View.php, line 775
Cake\View\View::render() - CORE\src\View\View.php, line 463
Cake\Controller\Controller::render() - CORE\src\Controller\Controller.php, line 581
Cake\Routing\Dispatcher::_invoke() - CORE\src\Routing\Dispatcher.php, line 120
Cake\Routing\Dispatcher::dispatch() - CORE\src\Routing\Dispatcher.php, line 87
[main] - ROOT\webroot\index.php, line 37



2015-06-18 14:53:40 Notice: Notice (8): Undefined index: perPage in [C:\xampp\htdocs\Projeto\Cake\vendor\cakephp\cakephp\src\View\Helper\PaginatorHelper.php, line 555]
Trace:
Cake\Error\BaseErrorHandler::handleError() - CORE\src\Error\BaseErrorHandler.php, line 138
Cake\View\Helper\PaginatorHelper::counter() - CORE\src\View\Helper\PaginatorHelper.php, line 555
include - APP/Template\LoginMoscamed\edit.ctp, line 39
Cake\View\View::_evaluate() - CORE\src\View\View.php, line 815
Cake\View\View::_render() - CORE\src\View\View.php, line 775
Cake\View\View::render() - CORE\src\View\View.php, line 463
Cake\Controller\Controller::render() - CORE\src\Controller\Controller.php, line 581
Cake\Routing\Dispatcher::_invoke() - CORE\src\Routing\Dispatcher.php, line 120
Cake\Routing\Dispatcher::dispatch() - CORE\src\Routing\Dispatcher.php, line 87
[main] - ROOT\webroot\index.php, line 37



2015-06-18 14:53:40 Notice: Notice (8): Undefined index: count in [C:\xampp\htdocs\Projeto\Cake\vendor\cakephp\cakephp\src\View\Helper\PaginatorHelper.php, line 556]
Trace:
Cake\Error\BaseErrorHandler::handleError() - CORE\src\Error\BaseErrorHandler.php, line 138
Cake\View\Helper\PaginatorHelper::counter() - CORE\src\View\Helper\PaginatorHelper.php, line 556
include - APP/Template\LoginMoscamed\edit.ctp, line 39
Cake\View\View::_evaluate() - CORE\src\View\View.php, line 815
Cake\View\View::_render() - CORE\src\View\View.php, line 775
Cake\View\View::render() - CORE\src\View\View.php, line 463
Cake\Controller\Controller::render() - CORE\src\Controller\Controller.php, line 581
Cake\Routing\Dispatcher::_invoke() - CORE\src\Routing\Dispatcher.php, line 120
Cake\Routing\Dispatcher::dispatch() - CORE\src\Routing\Dispatcher.php, line 87
[main] - ROOT\webroot\index.php, line 37



2015-06-18 14:53:40 Notice: Notice (8): Undefined index: count in [C:\xampp\htdocs\Projeto\Cake\vendor\cakephp\cakephp\src\View\Helper\PaginatorHelper.php, line 557]
Trace:
Cake\Error\BaseErrorHandler::handleError() - CORE\src\Error\BaseErrorHandler.php, line 138
Cake\View\Helper\PaginatorHelper::counter() - CORE\src\View\Helper\PaginatorHelper.php, line 557
include - APP/Template\LoginMoscamed\edit.ctp, line 39
Cake\View\View::_evaluate() - CORE\src\View\View.php, line 815
Cake\View\View::_render() - CORE\src\View\View.php, line 775
Cake\View\View::render() - CORE\src\View\View.php, line 463
Cake\Controller\Controller::render() - CORE\src\Controller\Controller.php, line 581
Cake\Routing\Dispatcher::_invoke() - CORE\src\Routing\Dispatcher.php, line 120
Cake\Routing\Dispatcher::dispatch() - CORE\src\Routing\Dispatcher.php, line 87
[main] - ROOT\webroot\index.php, line 37



2015-06-18 14:53:40 Notice: Notice (8): Undefined index: page in [C:\xampp\htdocs\Projeto\Cake\vendor\cakephp\cakephp\src\View\Helper\PaginatorHelper.php, line 570]
Trace:
Cake\Error\BaseErrorHandler::handleError() - CORE\src\Error\BaseErrorHandler.php, line 138
Cake\View\Helper\PaginatorHelper::counter() - CORE\src\View\Helper\PaginatorHelper.php, line 570
include - APP/Template\LoginMoscamed\edit.ctp, line 39
Cake\View\View::_evaluate() - CORE\src\View\View.php, line 815
Cake\View\View::_render() - CORE\src\View\View.php, line 775
Cake\View\View::render() - CORE\src\View\View.php, line 463
Cake\Controller\Controller::render() - CORE\src\Controller\Controller.php, line 581
Cake\Routing\Dispatcher::_invoke() - CORE\src\Routing\Dispatcher.php, line 120
Cake\Routing\Dispatcher::dispatch() - CORE\src\Routing\Dispatcher.php, line 87
[main] - ROOT\webroot\index.php, line 37



2015-06-18 14:53:40 Notice: Notice (8): Undefined index: current in [C:\xampp\htdocs\Projeto\Cake\vendor\cakephp\cakephp\src\View\Helper\PaginatorHelper.php, line 572]
Trace:
Cake\Error\BaseErrorHandler::handleError() - CORE\src\Error\BaseErrorHandler.php, line 138
Cake\View\Helper\PaginatorHelper::counter() - CORE\src\View\Helper\PaginatorHelper.php, line 572
include - APP/Template\LoginMoscamed\edit.ctp, line 39
Cake\View\View::_evaluate() - CORE\src\View\View.php, line 815
Cake\View\View::_render() - CORE\src\View\View.php, line 775
Cake\View\View::render() - CORE\src\View\View.php, line 463
Cake\Controller\Controller::render() - CORE\src\Controller\Controller.php, line 581
Cake\Routing\Dispatcher::_invoke() - CORE\src\Routing\Dispatcher.php, line 120
Cake\Routing\Dispatcher::dispatch() - CORE\src\Routing\Dispatcher.php, line 87
[main] - ROOT\webroot\index.php, line 37



2015-06-18 14:53:40 Notice: Notice (8): Undefined index: count in [C:\xampp\htdocs\Projeto\Cake\vendor\cakephp\cakephp\src\View\Helper\PaginatorHelper.php, line 573]
Trace:
Cake\Error\BaseErrorHandler::handleError() - CORE\src\Error\BaseErrorHandler.php, line 138
Cake\View\Helper\PaginatorHelper::counter() - CORE\src\View\Helper\PaginatorHelper.php, line 573
include - APP/Template\LoginMoscamed\edit.ctp, line 39
Cake\View\View::_evaluate() - CORE\src\View\View.php, line 815
Cake\View\View::_render() - CORE\src\View\View.php, line 775
Cake\View\View::render() - CORE\src\View\View.php, line 463
Cake\Controller\Controller::render() - CORE\src\Controller\Controller.php, line 581
Cake\Routing\Dispatcher::_invoke() - CORE\src\Routing\Dispatcher.php, line 120
Cake\Routing\Dispatcher::dispatch() - CORE\src\Routing\Dispatcher.php, line 87
[main] - ROOT\webroot\index.php, line 37



2015-06-18 14:53:53 Notice: Notice (8): Undefined variable: login in [C:\xampp\htdocs\Projeto\Cake\src\Template\LoginMoscamed\edit.ctp, line 18]
Trace:
Cake\Error\BaseErrorHandler::handleError() - CORE\src\Error\BaseErrorHandler.php, line 138
include - APP/Template\LoginMoscamed\edit.ctp, line 18
Cake\View\View::_evaluate() - CORE\src\View\View.php, line 815
Cake\View\View::_render() - CORE\src\View\View.php, line 775
Cake\View\View::render() - CORE\src\View\View.php, line 463
Cake\Controller\Controller::render() - CORE\src\Controller\Controller.php, line 581
Cake\Routing\Dispatcher::_invoke() - CORE\src\Routing\Dispatcher.php, line 120
Cake\Routing\Dispatcher::dispatch() - CORE\src\Routing\Dispatcher.php, line 87
[main] - ROOT\webroot\index.php, line 37



2015-06-18 14:53:53 Notice: Notice (8): Undefined index: pageCount in [C:\xampp\htdocs\Projeto\Cake\vendor\cakephp\cakephp\src\View\Helper\PaginatorHelper.php, line 625]
Trace:
Cake\Error\BaseErrorHandler::handleError() - CORE\src\Error\BaseErrorHandler.php, line 138
Cake\View\Helper\PaginatorHelper::numbers() - CORE\src\View\Helper\PaginatorHelper.php, line 625
include - APP/Template\LoginMoscamed\edit.ctp, line 36
Cake\View\View::_evaluate() - CORE\src\View\View.php, line 815
Cake\View\View::_render() - CORE\src\View\View.php, line 775
Cake\View\View::render() - CORE\src\View\View.php, line 463
Cake\Controller\Controller::render() - CORE\src\Controller\Controller.php, line 581
Cake\Routing\Dispatcher::_invoke() - CORE\src\Routing\Dispatcher.php, line 120
Cake\Routing\Dispatcher::dispatch() - CORE\src\Routing\Dispatcher.php, line 87
[main] - ROOT\webroot\index.php, line 37



2015-06-18 14:53:53 Notice: Notice (8): Undefined index: pageCount in [C:\xampp\htdocs\Projeto\Cake\vendor\cakephp\cakephp\src\View\Helper\PaginatorHelper.php, line 548]
Trace:
Cake\Error\BaseErrorHandler::handleError() - CORE\src\Error\BaseErrorHandler.php, line 138
Cake\View\Helper\PaginatorHelper::counter() - CORE\src\View\Helper\PaginatorHelper.php, line 548
include - APP/Template\LoginMoscamed\edit.ctp, line 39
Cake\View\View::_evaluate() - CORE\src\View\View.php, line 815
Cake\View\View::_render() - CORE\src\View\View.php, line 775
Cake\View\View::render() - CORE\src\View\View.php, line 463
Cake\Controller\Controller::render() - CORE\src\Controller\Controller.php, line 581
Cake\Routing\Dispatcher::_invoke() - CORE\src\Routing\Dispatcher.php, line 120
Cake\Routing\Dispatcher::dispatch() - CORE\src\Routing\Dispatcher.php, line 87
[main] - ROOT\webroot\index.php, line 37



2015-06-18 14:53:53 Notice: Notice (8): Undefined index: count in [C:\xampp\htdocs\Projeto\Cake\vendor\cakephp\cakephp\src\View\Helper\PaginatorHelper.php, line 552]
Trace:
Cake\Error\BaseErrorHandler::handleError() - CORE\src\Error\BaseErrorHandler.php, line 138
Cake\View\Helper\PaginatorHelper::counter() - CORE\src\View\Helper\PaginatorHelper.php, line 552
include - APP/Template\LoginMoscamed\edit.ctp, line 39
Cake\View\View::_evaluate() - CORE\src\View\View.php, line 815
Cake\View\View::_render() - CORE\src\View\View.php, line 775
Cake\View\View::render() - CORE\src\View\View.php, line 463
Cake\Controller\Controller::render() - CORE\src\Controller\Controller.php, line 581
Cake\Routing\Dispatcher::_invoke() - CORE\src\Routing\Dispatcher.php, line 120
Cake\Routing\Dispatcher::dispatch() - CORE\src\Routing\Dispatcher.php, line 87
[main] - ROOT\webroot\index.php, line 37



2015-06-18 14:53:53 Notice: Notice (8): Undefined index: perPage in [C:\xampp\htdocs\Projeto\Cake\vendor\cakephp\cakephp\src\View\Helper\PaginatorHelper.php, line 555]
Trace:
Cake\Error\BaseErrorHandler::handleError() - CORE\src\Error\BaseErrorHandler.php, line 138
Cake\View\Helper\PaginatorHelper::counter() - CORE\src\View\Helper\PaginatorHelper.php, line 555
include - APP/Template\LoginMoscamed\edit.ctp, line 39
Cake\View\View::_evaluate() - CORE\src\View\View.php, line 815
Cake\View\View::_render() - CORE\src\View\View.php, line 775
Cake\View\View::render() - CORE\src\View\View.php, line 463
Cake\Controller\Controller::render() - CORE\src\Controller\Controller.php, line 581
Cake\Routing\Dispatcher::_invoke() - CORE\src\Routing\Dispatcher.php, line 120
Cake\Routing\Dispatcher::dispatch() - CORE\src\Routing\Dispatcher.php, line 87
[main] - ROOT\webroot\index.php, line 37



2015-06-18 14:53:53 Notice: Notice (8): Undefined index: count in [C:\xampp\htdocs\Projeto\Cake\vendor\cakephp\cakephp\src\View\Helper\PaginatorHelper.php, line 556]
Trace:
Cake\Error\BaseErrorHandler::handleError() - CORE\src\Error\BaseErrorHandler.php, line 138
Cake\View\Helper\PaginatorHelper::counter() - CORE\src\View\Helper\PaginatorHelper.php, line 556
include - APP/Template\LoginMoscamed\edit.ctp, line 39
Cake\View\View::_evaluate() - CORE\src\View\View.php, line 815
Cake\View\View::_render() - CORE\src\View\View.php, line 775
Cake\View\View::render() - CORE\src\View\View.php, line 463
Cake\Controller\Controller::render() - CORE\src\Controller\Controller.php, line 581
Cake\Routing\Dispatcher::_invoke() - CORE\src\Routing\Dispatcher.php, line 120
Cake\Routing\Dispatcher::dispatch() - CORE\src\Routing\Dispatcher.php, line 87
[main] - ROOT\webroot\index.php, line 37



2015-06-18 14:53:53 Notice: Notice (8): Undefined index: count in [C:\xampp\htdocs\Projeto\Cake\vendor\cakephp\cakephp\src\View\Helper\PaginatorHelper.php, line 557]
Trace:
Cake\Error\BaseErrorHandler::handleError() - CORE\src\Error\BaseErrorHandler.php, line 138
Cake\View\Helper\PaginatorHelper::counter() - CORE\src\View\Helper\PaginatorHelper.php, line 557
include - APP/Template\LoginMoscamed\edit.ctp, line 39
Cake\View\View::_evaluate() - CORE\src\View\View.php, line 815
Cake\View\View::_render() - CORE\src\View\View.php, line 775
Cake\View\View::render() - CORE\src\View\View.php, line 463
Cake\Controller\Controller::render() - CORE\src\Controller\Controller.php, line 581
Cake\Routing\Dispatcher::_invoke() - CORE\src\Routing\Dispatcher.php, line 120
Cake\Routing\Dispatcher::dispatch() - CORE\src\Routing\Dispatcher.php, line 87
[main] - ROOT\webroot\index.php, line 37



2015-06-18 14:53:53 Notice: Notice (8): Undefined index: page in [C:\xampp\htdocs\Projeto\Cake\vendor\cakephp\cakephp\src\View\Helper\PaginatorHelper.php, line 570]
Trace:
Cake\Error\BaseErrorHandler::handleError() - CORE\src\Error\BaseErrorHandler.php, line 138
Cake\View\Helper\PaginatorHelper::counter() - CORE\src\View\Helper\PaginatorHelper.php, line 570
include - APP/Template\LoginMoscamed\edit.ctp, line 39
Cake\View\View::_evaluate() - CORE\src\View\View.php, line 815
Cake\View\View::_render() - CORE\src\View\View.php, line 775
Cake\View\View::render() - CORE\src\View\View.php, line 463
Cake\Controller\Controller::render() - CORE\src\Controller\Controller.php, line 581
Cake\Routing\Dispatcher::_invoke() - CORE\src\Routing\Dispatcher.php, line 120
Cake\Routing\Dispatcher::dispatch() - CORE\src\Routing\Dispatcher.php, line 87
[main] - ROOT\webroot\index.php, line 37



2015-06-18 14:53:53 Notice: Notice (8): Undefined index: current in [C:\xampp\htdocs\Projeto\Cake\vendor\cakephp\cakephp\src\View\Helper\PaginatorHelper.php, line 572]
Trace:
Cake\Error\BaseErrorHandler::handleError() - CORE\src\Error\BaseErrorHandler.php, line 138
Cake\View\Helper\PaginatorHelper::counter() - CORE\src\View\Helper\PaginatorHelper.php, line 572
include - APP/Template\LoginMoscamed\edit.ctp, line 39
Cake\View\View::_evaluate() - CORE\src\View\View.php, line 815
Cake\View\View::_render() - CORE\src\View\View.php, line 775
Cake\View\View::render() - CORE\src\View\View.php, line 463
Cake\Controller\Controller::render() - CORE\src\Controller\Controller.php, line 581
Cake\Routing\Dispatcher::_invoke() - CORE\src\Routing\Dispatcher.php, line 120
Cake\Routing\Dispatcher::dispatch() - CORE\src\Routing\Dispatcher.php, line 87
[main] - ROOT\webroot\index.php, line 37



2015-06-18 14:53:53 Notice: Notice (8): Undefined index: count in [C:\xampp\htdocs\Projeto\Cake\vendor\cakephp\cakephp\src\View\Helper\PaginatorHelper.php, line 573]
Trace:
Cake\Error\BaseErrorHandler::handleError() - CORE\src\Error\BaseErrorHandler.php, line 138
Cake\View\Helper\PaginatorHelper::counter() - CORE\src\View\Helper\PaginatorHelper.php, line 573
include - APP/Template\LoginMoscamed\edit.ctp, line 39
Cake\View\View::_evaluate() - CORE\src\View\View.php, line 815
Cake\View\View::_render() - CORE\src\View\View.php, line 775
Cake\View\View::render() - CORE\src\View\View.php, line 463
Cake\Controller\Controller::render() - CORE\src\Controller\Controller.php, line 581
Cake\Routing\Dispatcher::_invoke() - CORE\src\Routing\Dispatcher.php, line 120
Cake\Routing\Dispatcher::dispatch() - CORE\src\Routing\Dispatcher.php, line 87
[main] - ROOT\webroot\index.php, line 37



2015-06-18 15:02:46 Notice: Notice (8): Undefined variable: login in [C:\xampp\htdocs\Projeto\Cake\src\Template\LoginMoscamed\edit.ctp, line 18]
Trace:
Cake\Error\BaseErrorHandler::handleError() - CORE\src\Error\BaseErrorHandler.php, line 138
include - APP/Template\LoginMoscamed\edit.ctp, line 18
Cake\View\View::_evaluate() - CORE\src\View\View.php, line 815
Cake\View\View::_render() - CORE\src\View\View.php, line 775
Cake\View\View::render() - CORE\src\View\View.php, line 463
Cake\Controller\Controller::render() - CORE\src\Controller\Controller.php, line 581
Cake\Routing\Dispatcher::_invoke() - CORE\src\Routing\Dispatcher.php, line 120
Cake\Routing\Dispatcher::dispatch() - CORE\src\Routing\Dispatcher.php, line 87
[main] - ROOT\webroot\index.php, line 37



2015-06-18 15:02:46 Notice: Notice (8): Undefined index: pageCount in [C:\xampp\htdocs\Projeto\Cake\vendor\cakephp\cakephp\src\View\Helper\PaginatorHelper.php, line 625]
Trace:
Cake\Error\BaseErrorHandler::handleError() - CORE\src\Error\BaseErrorHandler.php, line 138
Cake\View\Helper\PaginatorHelper::numbers() - CORE\src\View\Helper\PaginatorHelper.php, line 625
include - APP/Template\LoginMoscamed\edit.ctp, line 36
Cake\View\View::_evaluate() - CORE\src\View\View.php, line 815
Cake\View\View::_render() - CORE\src\View\View.php, line 775
Cake\View\View::render() - CORE\src\View\View.php, line 463
Cake\Controller\Controller::render() - CORE\src\Controller\Controller.php, line 581
Cake\Routing\Dispatcher::_invoke() - CORE\src\Routing\Dispatcher.php, line 120
Cake\Routing\Dispatcher::dispatch() - CORE\src\Routing\Dispatcher.php, line 87
[main] - ROOT\webroot\index.php, line 37



2015-06-18 15:02:46 Notice: Notice (8): Undefined index: pageCount in [C:\xampp\htdocs\Projeto\Cake\vendor\cakephp\cakephp\src\View\Helper\PaginatorHelper.php, line 548]
Trace:
Cake\Error\BaseErrorHandler::handleError() - CORE\src\Error\BaseErrorHandler.php, line 138
Cake\View\Helper\PaginatorHelper::counter() - CORE\src\View\Helper\PaginatorHelper.php, line 548
include - APP/Template\LoginMoscamed\edit.ctp, line 39
Cake\View\View::_evaluate() - CORE\src\View\View.php, line 815
Cake\View\View::_render() - CORE\src\View\View.php, line 775
Cake\View\View::render() - CORE\src\View\View.php, line 463
Cake\Controller\Controller::render() - CORE\src\Controller\Controller.php, line 581
Cake\Routing\Dispatcher::_invoke() - CORE\src\Routing\Dispatcher.php, line 120
Cake\Routing\Dispatcher::dispatch() - CORE\src\Routing\Dispatcher.php, line 87
[main] - ROOT\webroot\index.php, line 37



2015-06-18 15:02:46 Notice: Notice (8): Undefined index: count in [C:\xampp\htdocs\Projeto\Cake\vendor\cakephp\cakephp\src\View\Helper\PaginatorHelper.php, line 552]
Trace:
Cake\Error\BaseErrorHandler::handleError() - CORE\src\Error\BaseErrorHandler.php, line 138
Cake\View\Helper\PaginatorHelper::counter() - CORE\src\View\Helper\PaginatorHelper.php, line 552
include - APP/Template\LoginMoscamed\edit.ctp, line 39
Cake\View\View::_evaluate() - CORE\src\View\View.php, line 815
Cake\View\View::_render() - CORE\src\View\View.php, line 775
Cake\View\View::render() - CORE\src\View\View.php, line 463
Cake\Controller\Controller::render() - CORE\src\Controller\Controller.php, line 581
Cake\Routing\Dispatcher::_invoke() - CORE\src\Routing\Dispatcher.php, line 120
Cake\Routing\Dispatcher::dispatch() - CORE\src\Routing\Dispatcher.php, line 87
[main] - ROOT\webroot\index.php, line 37



2015-06-18 15:02:46 Notice: Notice (8): Undefined index: perPage in [C:\xampp\htdocs\Projeto\Cake\vendor\cakephp\cakephp\src\View\Helper\PaginatorHelper.php, line 555]
Trace:
Cake\Error\BaseErrorHandler::handleError() - CORE\src\Error\BaseErrorHandler.php, line 138
Cake\View\Helper\PaginatorHelper::counter() - CORE\src\View\Helper\PaginatorHelper.php, line 555
include - APP/Template\LoginMoscamed\edit.ctp, line 39
Cake\View\View::_evaluate() - CORE\src\View\View.php, line 815
Cake\View\View::_render() - CORE\src\View\View.php, line 775
Cake\View\View::render() - CORE\src\View\View.php, line 463
Cake\Controller\Controller::render() - CORE\src\Controller\Controller.php, line 581
Cake\Routing\Dispatcher::_invoke() - CORE\src\Routing\Dispatcher.php, line 120
Cake\Routing\Dispatcher::dispatch() - CORE\src\Routing\Dispatcher.php, line 87
[main] - ROOT\webroot\index.php, line 37



2015-06-18 15:02:46 Notice: Notice (8): Undefined index: count in [C:\xampp\htdocs\Projeto\Cake\vendor\cakephp\cakephp\src\View\Helper\PaginatorHelper.php, line 556]
Trace:
Cake\Error\BaseErrorHandler::handleError() - CORE\src\Error\BaseErrorHandler.php, line 138
Cake\View\Helper\PaginatorHelper::counter() - CORE\src\View\Helper\PaginatorHelper.php, line 556
include - APP/Template\LoginMoscamed\edit.ctp, line 39
Cake\View\View::_evaluate() - CORE\src\View\View.php, line 815
Cake\View\View::_render() - CORE\src\View\View.php, line 775
Cake\View\View::render() - CORE\src\View\View.php, line 463
Cake\Controller\Controller::render() - CORE\src\Controller\Controller.php, line 581
Cake\Routing\Dispatcher::_invoke() - CORE\src\Routing\Dispatcher.php, line 120
Cake\Routing\Dispatcher::dispatch() - CORE\src\Routing\Dispatcher.php, line 87
[main] - ROOT\webroot\index.php, line 37



2015-06-18 15:02:46 Notice: Notice (8): Undefined index: count in [C:\xampp\htdocs\Projeto\Cake\vendor\cakephp\cakephp\src\View\Helper\PaginatorHelper.php, line 557]
Trace:
Cake\Error\BaseErrorHandler::handleError() - CORE\src\Error\BaseErrorHandler.php, line 138
Cake\View\Helper\PaginatorHelper::counter() - CORE\src\View\Helper\PaginatorHelper.php, line 557
include - APP/Template\LoginMoscamed\edit.ctp, line 39
Cake\View\View::_evaluate() - CORE\src\View\View.php, line 815
Cake\View\View::_render() - CORE\src\View\View.php, line 775
Cake\View\View::render() - CORE\src\View\View.php, line 463
Cake\Controller\Controller::render() - CORE\src\Controller\Controller.php, line 581
Cake\Routing\Dispatcher::_invoke() - CORE\src\Routing\Dispatcher.php, line 120
Cake\Routing\Dispatcher::dispatch() - CORE\src\Routing\Dispatcher.php, line 87
[main] - ROOT\webroot\index.php, line 37



2015-06-18 15:02:46 Notice: Notice (8): Undefined index: page in [C:\xampp\htdocs\Projeto\Cake\vendor\cakephp\cakephp\src\View\Helper\PaginatorHelper.php, line 570]
Trace:
Cake\Error\BaseErrorHandler::handleError() - CORE\src\Error\BaseErrorHandler.php, line 138
Cake\View\Helper\PaginatorHelper::counter() - CORE\src\View\Helper\PaginatorHelper.php, line 570
include - APP/Template\LoginMoscamed\edit.ctp, line 39
Cake\View\View::_evaluate() - CORE\src\View\View.php, line 815
Cake\View\View::_render() - CORE\src\View\View.php, line 775
Cake\View\View::render() - CORE\src\View\View.php, line 463
Cake\Controller\Controller::render() - CORE\src\Controller\Controller.php, line 581
Cake\Routing\Dispatcher::_invoke() - CORE\src\Routing\Dispatcher.php, line 120
Cake\Routing\Dispatcher::dispatch() - CORE\src\Routing\Dispatcher.php, line 87
[main] - ROOT\webroot\index.php, line 37



2015-06-18 15:02:46 Notice: Notice (8): Undefined index: current in [C:\xampp\htdocs\Projeto\Cake\vendor\cakephp\cakephp\src\View\Helper\PaginatorHelper.php, line 572]
Trace:
Cake\Error\BaseErrorHandler::handleError() - CORE\src\Error\BaseErrorHandler.php, line 138
Cake\View\Helper\PaginatorHelper::counter() - CORE\src\View\Helper\PaginatorHelper.php, line 572
include - APP/Template\LoginMoscamed\edit.ctp, line 39
Cake\View\View::_evaluate() - CORE\src\View\View.php, line 815
Cake\View\View::_render() - CORE\src\View\View.php, line 775
Cake\View\View::render() - CORE\src\View\View.php, line 463
Cake\Controller\Controller::render() - CORE\src\Controller\Controller.php, line 581
Cake\Routing\Dispatcher::_invoke() - CORE\src\Routing\Dispatcher.php, line 120
Cake\Routing\Dispatcher::dispatch() - CORE\src\Routing\Dispatcher.php, line 87
[main] - ROOT\webroot\index.php, line 37



2015-06-18 15:02:46 Notice: Notice (8): Undefined index: count in [C:\xampp\htdocs\Projeto\Cake\vendor\cakephp\cakephp\src\View\Helper\PaginatorHelper.php, line 573]
Trace:
Cake\Error\BaseErrorHandler::handleError() - CORE\src\Error\BaseErrorHandler.php, line 138
Cake\View\Helper\PaginatorHelper::counter() - CORE\src\View\Helper\PaginatorHelper.php, line 573
include - APP/Template\LoginMoscamed\edit.ctp, line 39
Cake\View\View::_evaluate() - CORE\src\View\View.php, line 815
Cake\View\View::_render() - CORE\src\View\View.php, line 775
Cake\View\View::render() - CORE\src\View\View.php, line 463
Cake\Controller\Controller::render() - CORE\src\Controller\Controller.php, line 581
Cake\Routing\Dispatcher::_invoke() - CORE\src\Routing\Dispatcher.php, line 120
Cake\Routing\Dispatcher::dispatch() - CORE\src\Routing\Dispatcher.php, line 87
[main] - ROOT\webroot\index.php, line 37



2015-06-18 15:13:19 Notice: Notice (8): Undefined variable: login in [C:\xampp\htdocs\Projeto\Cake\src\Template\LoginMoscamed\edit.ctp, line 18]
Trace:
Cake\Error\BaseErrorHandler::handleError() - CORE\src\Error\BaseErrorHandler.php, line 138
include - APP/Template\LoginMoscamed\edit.ctp, line 18
Cake\View\View::_evaluate() - CORE\src\View\View.php, line 815
Cake\View\View::_render() - CORE\src\View\View.php, line 775
Cake\View\View::render() - CORE\src\View\View.php, line 463
Cake\Controller\Controller::render() - CORE\src\Controller\Controller.php, line 581
Cake\Routing\Dispatcher::_invoke() - CORE\src\Routing\Dispatcher.php, line 120
Cake\Routing\Dispatcher::dispatch() - CORE\src\Routing\Dispatcher.php, line 87
[main] - ROOT\webroot\index.php, line 37



2015-06-18 15:13:19 Notice: Notice (8): Undefined index: pageCount in [C:\xampp\htdocs\Projeto\Cake\vendor\cakephp\cakephp\src\View\Helper\PaginatorHelper.php, line 625]
Trace:
Cake\Error\BaseErrorHandler::handleError() - CORE\src\Error\BaseErrorHandler.php, line 138
Cake\View\Helper\PaginatorHelper::numbers() - CORE\src\View\Helper\PaginatorHelper.php, line 625
include - APP/Template\LoginMoscamed\edit.ctp, line 36
Cake\View\View::_evaluate() - CORE\src\View\View.php, line 815
Cake\View\View::_render() - CORE\src\View\View.php, line 775
Cake\View\View::render() - CORE\src\View\View.php, line 463
Cake\Controller\Controller::render() - CORE\src\Controller\Controller.php, line 581
Cake\Routing\Dispatcher::_invoke() - CORE\src\Routing\Dispatcher.php, line 120
Cake\Routing\Dispatcher::dispatch() - CORE\src\Routing\Dispatcher.php, line 87
[main] - ROOT\webroot\index.php, line 37



2015-06-18 15:13:19 Notice: Notice (8): Undefined index: pageCount in [C:\xampp\htdocs\Projeto\Cake\vendor\cakephp\cakephp\src\View\Helper\PaginatorHelper.php, line 548]
Trace:
Cake\Error\BaseErrorHandler::handleError() - CORE\src\Error\BaseErrorHandler.php, line 138
Cake\View\Helper\PaginatorHelper::counter() - CORE\src\View\Helper\PaginatorHelper.php, line 548
include - APP/Template\LoginMoscamed\edit.ctp, line 39
Cake\View\View::_evaluate() - CORE\src\View\View.php, line 815
Cake\View\View::_render() - CORE\src\View\View.php, line 775
Cake\View\View::render() - CORE\src\View\View.php, line 463
Cake\Controller\Controller::render() - CORE\src\Controller\Controller.php, line 581
Cake\Routing\Dispatcher::_invoke() - CORE\src\Routing\Dispatcher.php, line 120
Cake\Routing\Dispatcher::dispatch() - CORE\src\Routing\Dispatcher.php, line 87
[main] - ROOT\webroot\index.php, line 37



2015-06-18 15:13:19 Notice: Notice (8): Undefined index: count in [C:\xampp\htdocs\Projeto\Cake\vendor\cakephp\cakephp\src\View\Helper\PaginatorHelper.php, line 552]
Trace:
Cake\Error\BaseErrorHandler::handleError() - CORE\src\Error\BaseErrorHandler.php, line 138
Cake\View\Helper\PaginatorHelper::counter() - CORE\src\View\Helper\PaginatorHelper.php, line 552
include - APP/Template\LoginMoscamed\edit.ctp, line 39
Cake\View\View::_evaluate() - CORE\src\View\View.php, line 815
Cake\View\View::_render() - CORE\src\View\View.php, line 775
Cake\View\View::render() - CORE\src\View\View.php, line 463
Cake\Controller\Controller::render() - CORE\src\Controller\Controller.php, line 581
Cake\Routing\Dispatcher::_invoke() - CORE\src\Routing\Dispatcher.php, line 120
Cake\Routing\Dispatcher::dispatch() - CORE\src\Routing\Dispatcher.php, line 87
[main] - ROOT\webroot\index.php, line 37



2015-06-18 15:13:19 Notice: Notice (8): Undefined index: perPage in [C:\xampp\htdocs\Projeto\Cake\vendor\cakephp\cakephp\src\View\Helper\PaginatorHelper.php, line 555]
Trace:
Cake\Error\BaseErrorHandler::handleError() - CORE\src\Error\BaseErrorHandler.php, line 138
Cake\View\Helper\PaginatorHelper::counter() - CORE\src\View\Helper\PaginatorHelper.php, line 555
include - APP/Template\LoginMoscamed\edit.ctp, line 39
Cake\View\View::_evaluate() - CORE\src\View\View.php, line 815
Cake\View\View::_render() - CORE\src\View\View.php, line 775
Cake\View\View::render() - CORE\src\View\View.php, line 463
Cake\Controller\Controller::render() - CORE\src\Controller\Controller.php, line 581
Cake\Routing\Dispatcher::_invoke() - CORE\src\Routing\Dispatcher.php, line 120
Cake\Routing\Dispatcher::dispatch() - CORE\src\Routing\Dispatcher.php, line 87
[main] - ROOT\webroot\index.php, line 37



2015-06-18 15:13:19 Notice: Notice (8): Undefined index: count in [C:\xampp\htdocs\Projeto\Cake\vendor\cakephp\cakephp\src\View\Helper\PaginatorHelper.php, line 556]
Trace:
Cake\Error\BaseErrorHandler::handleError() - CORE\src\Error\BaseErrorHandler.php, line 138
Cake\View\Helper\PaginatorHelper::counter() - CORE\src\View\Helper\PaginatorHelper.php, line 556
include - APP/Template\LoginMoscamed\edit.ctp, line 39
Cake\View\View::_evaluate() - CORE\src\View\View.php, line 815
Cake\View\View::_render() - CORE\src\View\View.php, line 775
Cake\View\View::render() - CORE\src\View\View.php, line 463
Cake\Controller\Controller::render() - CORE\src\Controller\Controller.php, line 581
Cake\Routing\Dispatcher::_invoke() - CORE\src\Routing\Dispatcher.php, line 120
Cake\Routing\Dispatcher::dispatch() - CORE\src\Routing\Dispatcher.php, line 87
[main] - ROOT\webroot\index.php, line 37



2015-06-18 15:13:19 Notice: Notice (8): Undefined index: count in [C:\xampp\htdocs\Projeto\Cake\vendor\cakephp\cakephp\src\View\Helper\PaginatorHelper.php, line 557]
Trace:
Cake\Error\BaseErrorHandler::handleError() - CORE\src\Error\BaseErrorHandler.php, line 138
Cake\View\Helper\PaginatorHelper::counter() - CORE\src\View\Helper\PaginatorHelper.php, line 557
include - APP/Template\LoginMoscamed\edit.ctp, line 39
Cake\View\View::_evaluate() - CORE\src\View\View.php, line 815
Cake\View\View::_render() - CORE\src\View\View.php, line 775
Cake\View\View::render() - CORE\src\View\View.php, line 463
Cake\Controller\Controller::render() - CORE\src\Controller\Controller.php, line 581
Cake\Routing\Dispatcher::_invoke() - CORE\src\Routing\Dispatcher.php, line 120
Cake\Routing\Dispatcher::dispatch() - CORE\src\Routing\Dispatcher.php, line 87
[main] - ROOT\webroot\index.php, line 37



2015-06-18 15:13:19 Notice: Notice (8): Undefined index: page in [C:\xampp\htdocs\Projeto\Cake\vendor\cakephp\cakephp\src\View\Helper\PaginatorHelper.php, line 570]
Trace:
Cake\Error\BaseErrorHandler::handleError() - CORE\src\Error\BaseErrorHandler.php, line 138
Cake\View\Helper\PaginatorHelper::counter() - CORE\src\View\Helper\PaginatorHelper.php, line 570
include - APP/Template\LoginMoscamed\edit.ctp, line 39
Cake\View\View::_evaluate() - CORE\src\View\View.php, line 815
Cake\View\View::_render() - CORE\src\View\View.php, line 775
Cake\View\View::render() - CORE\src\View\View.php, line 463
Cake\Controller\Controller::render() - CORE\src\Controller\Controller.php, line 581
Cake\Routing\Dispatcher::_invoke() - CORE\src\Routing\Dispatcher.php, line 120
Cake\Routing\Dispatcher::dispatch() - CORE\src\Routing\Dispatcher.php, line 87
[main] - ROOT\webroot\index.php, line 37



2015-06-18 15:13:19 Notice: Notice (8): Undefined index: current in [C:\xampp\htdocs\Projeto\Cake\vendor\cakephp\cakephp\src\View\Helper\PaginatorHelper.php, line 572]
Trace:
Cake\Error\BaseErrorHandler::handleError() - CORE\src\Error\BaseErrorHandler.php, line 138
Cake\View\Helper\PaginatorHelper::counter() - CORE\src\View\Helper\PaginatorHelper.php, line 572
include - APP/Template\LoginMoscamed\edit.ctp, line 39
Cake\View\View::_evaluate() - CORE\src\View\View.php, line 815
Cake\View\View::_render() - CORE\src\View\View.php, line 775
Cake\View\View::render() - CORE\src\View\View.php, line 463
Cake\Controller\Controller::render() - CORE\src\Controller\Controller.php, line 581
Cake\Routing\Dispatcher::_invoke() - CORE\src\Routing\Dispatcher.php, line 120
Cake\Routing\Dispatcher::dispatch() - CORE\src\Routing\Dispatcher.php, line 87
[main] - ROOT\webroot\index.php, line 37



2015-06-18 15:13:19 Notice: Notice (8): Undefined index: count in [C:\xampp\htdocs\Projeto\Cake\vendor\cakephp\cakephp\src\View\Helper\PaginatorHelper.php, line 573]
Trace:
Cake\Error\BaseErrorHandler::handleError() - CORE\src\Error\BaseErrorHandler.php, line 138
Cake\View\Helper\PaginatorHelper::counter() - CORE\src\View\Helper\PaginatorHelper.php, line 573
include - APP/Template\LoginMoscamed\edit.ctp, line 39
Cake\View\View::_evaluate() - CORE\src\View\View.php, line 815
Cake\View\View::_render() - CORE\src\View\View.php, line 775
Cake\View\View::render() - CORE\src\View\View.php, line 463
Cake\Controller\Controller::render() - CORE\src\Controller\Controller.php, line 581
Cake\Routing\Dispatcher::_invoke() - CORE\src\Routing\Dispatcher.php, line 120
Cake\Routing\Dispatcher::dispatch() - CORE\src\Routing\Dispatcher.php, line 87
[main] - ROOT\webroot\index.php, line 37



2015-06-18 15:20:16 Notice: Notice (8): Undefined variable: login in [C:\xampp\htdocs\Projeto\Cake\src\Template\LoginMoscamed\edit.ctp, line 18]
Trace:
Cake\Error\BaseErrorHandler::handleError() - CORE\src\Error\BaseErrorHandler.php, line 138
include - APP/Template\LoginMoscamed\edit.ctp, line 18
Cake\View\View::_evaluate() - CORE\src\View\View.php, line 815
Cake\View\View::_render() - CORE\src\View\View.php, line 775
Cake\View\View::render() - CORE\src\View\View.php, line 463
Cake\Controller\Controller::render() - CORE\src\Controller\Controller.php, line 581
Cake\Routing\Dispatcher::_invoke() - CORE\src\Routing\Dispatcher.php, line 120
Cake\Routing\Dispatcher::dispatch() - CORE\src\Routing\Dispatcher.php, line 87
[main] - ROOT\webroot\index.php, line 37



2015-06-18 15:20:16 Notice: Notice (8): Undefined index: pageCount in [C:\xampp\htdocs\Projeto\Cake\vendor\cakephp\cakephp\src\View\Helper\PaginatorHelper.php, line 625]
Trace:
Cake\Error\BaseErrorHandler::handleError() - CORE\src\Error\BaseErrorHandler.php, line 138
Cake\View\Helper\PaginatorHelper::numbers() - CORE\src\View\Helper\PaginatorHelper.php, line 625
include - APP/Template\LoginMoscamed\edit.ctp, line 36
Cake\View\View::_evaluate() - CORE\src\View\View.php, line 815
Cake\View\View::_render() - CORE\src\View\View.php, line 775
Cake\View\View::render() - CORE\src\View\View.php, line 463
Cake\Controller\Controller::render() - CORE\src\Controller\Controller.php, line 581
Cake\Routing\Dispatcher::_invoke() - CORE\src\Routing\Dispatcher.php, line 120
Cake\Routing\Dispatcher::dispatch() - CORE\src\Routing\Dispatcher.php, line 87
[main] - ROOT\webroot\index.php, line 37



2015-06-18 15:20:16 Notice: Notice (8): Undefined index: pageCount in [C:\xampp\htdocs\Projeto\Cake\vendor\cakephp\cakephp\src\View\Helper\PaginatorHelper.php, line 548]
Trace:
Cake\Error\BaseErrorHandler::handleError() - CORE\src\Error\BaseErrorHandler.php, line 138
Cake\View\Helper\PaginatorHelper::counter() - CORE\src\View\Helper\PaginatorHelper.php, line 548
include - APP/Template\LoginMoscamed\edit.ctp, line 39
Cake\View\View::_evaluate() - CORE\src\View\View.php, line 815
Cake\View\View::_render() - CORE\src\View\View.php, line 775
Cake\View\View::render() - CORE\src\View\View.php, line 463
Cake\Controller\Controller::render() - CORE\src\Controller\Controller.php, line 581
Cake\Routing\Dispatcher::_invoke() - CORE\src\Routing\Dispatcher.php, line 120
Cake\Routing\Dispatcher::dispatch() - CORE\src\Routing\Dispatcher.php, line 87
[main] - ROOT\webroot\index.php, line 37



2015-06-18 15:20:16 Notice: Notice (8): Undefined index: count in [C:\xampp\htdocs\Projeto\Cake\vendor\cakephp\cakephp\src\View\Helper\PaginatorHelper.php, line 552]
Trace:
Cake\Error\BaseErrorHandler::handleError() - CORE\src\Error\BaseErrorHandler.php, line 138
Cake\View\Helper\PaginatorHelper::counter() - CORE\src\View\Helper\PaginatorHelper.php, line 552
include - APP/Template\LoginMoscamed\edit.ctp, line 39
Cake\View\View::_evaluate() - CORE\src\View\View.php, line 815
Cake\View\View::_render() - CORE\src\View\View.php, line 775
Cake\View\View::render() - CORE\src\View\View.php, line 463
Cake\Controller\Controller::render() - CORE\src\Controller\Controller.php, line 581
Cake\Routing\Dispatcher::_invoke() - CORE\src\Routing\Dispatcher.php, line 120
Cake\Routing\Dispatcher::dispatch() - CORE\src\Routing\Dispatcher.php, line 87
[main] - ROOT\webroot\index.php, line 37



2015-06-18 15:20:16 Notice: Notice (8): Undefined index: perPage in [C:\xampp\htdocs\Projeto\Cake\vendor\cakephp\cakephp\src\View\Helper\PaginatorHelper.php, line 555]
Trace:
Cake\Error\BaseErrorHandler::handleError() - CORE\src\Error\BaseErrorHandler.php, line 138
Cake\View\Helper\PaginatorHelper::counter() - CORE\src\View\Helper\PaginatorHelper.php, line 555
include - APP/Template\LoginMoscamed\edit.ctp, line 39
Cake\View\View::_evaluate() - CORE\src\View\View.php, line 815
Cake\View\View::_render() - CORE\src\View\View.php, line 775
Cake\View\View::render() - CORE\src\View\View.php, line 463
Cake\Controller\Controller::render() - CORE\src\Controller\Controller.php, line 581
Cake\Routing\Dispatcher::_invoke() - CORE\src\Routing\Dispatcher.php, line 120
Cake\Routing\Dispatcher::dispatch() - CORE\src\Routing\Dispatcher.php, line 87
[main] - ROOT\webroot\index.php, line 37



2015-06-18 15:20:16 Notice: Notice (8): Undefined index: count in [C:\xampp\htdocs\Projeto\Cake\vendor\cakephp\cakephp\src\View\Helper\PaginatorHelper.php, line 556]
Trace:
Cake\Error\BaseErrorHandler::handleError() - CORE\src\Error\BaseErrorHandler.php, line 138
Cake\View\Helper\PaginatorHelper::counter() - CORE\src\View\Helper\PaginatorHelper.php, line 556
include - APP/Template\LoginMoscamed\edit.ctp, line 39
Cake\View\View::_evaluate() - CORE\src\View\View.php, line 815
Cake\View\View::_render() - CORE\src\View\View.php, line 775
Cake\View\View::render() - CORE\src\View\View.php, line 463
Cake\Controller\Controller::render() - CORE\src\Controller\Controller.php, line 581
Cake\Routing\Dispatcher::_invoke() - CORE\src\Routing\Dispatcher.php, line 120
Cake\Routing\Dispatcher::dispatch() - CORE\src\Routing\Dispatcher.php, line 87
[main] - ROOT\webroot\index.php, line 37



2015-06-18 15:20:16 Notice: Notice (8): Undefined index: count in [C:\xampp\htdocs\Projeto\Cake\vendor\cakephp\cakephp\src\View\Helper\PaginatorHelper.php, line 557]
Trace:
Cake\Error\BaseErrorHandler::handleError() - CORE\src\Error\BaseErrorHandler.php, line 138
Cake\View\Helper\PaginatorHelper::counter() - CORE\src\View\Helper\PaginatorHelper.php, line 557
include - APP/Template\LoginMoscamed\edit.ctp, line 39
Cake\View\View::_evaluate() - CORE\src\View\View.php, line 815
Cake\View\View::_render() - CORE\src\View\View.php, line 775
Cake\View\View::render() - CORE\src\View\View.php, line 463
Cake\Controller\Controller::render() - CORE\src\Controller\Controller.php, line 581
Cake\Routing\Dispatcher::_invoke() - CORE\src\Routing\Dispatcher.php, line 120
Cake\Routing\Dispatcher::dispatch() - CORE\src\Routing\Dispatcher.php, line 87
[main] - ROOT\webroot\index.php, line 37



2015-06-18 15:20:16 Notice: Notice (8): Undefined index: page in [C:\xampp\htdocs\Projeto\Cake\vendor\cakephp\cakephp\src\View\Helper\PaginatorHelper.php, line 570]
Trace:
Cake\Error\BaseErrorHandler::handleError() - CORE\src\Error\BaseErrorHandler.php, line 138
Cake\View\Helper\PaginatorHelper::counter() - CORE\src\View\Helper\PaginatorHelper.php, line 570
include - APP/Template\LoginMoscamed\edit.ctp, line 39
Cake\View\View::_evaluate() - CORE\src\View\View.php, line 815
Cake\View\View::_render() - CORE\src\View\View.php, line 775
Cake\View\View::render() - CORE\src\View\View.php, line 463
Cake\Controller\Controller::render() - CORE\src\Controller\Controller.php, line 581
Cake\Routing\Dispatcher::_invoke() - CORE\src\Routing\Dispatcher.php, line 120
Cake\Routing\Dispatcher::dispatch() - CORE\src\Routing\Dispatcher.php, line 87
[main] - ROOT\webroot\index.php, line 37



2015-06-18 15:20:16 Notice: Notice (8): Undefined index: current in [C:\xampp\htdocs\Projeto\Cake\vendor\cakephp\cakephp\src\View\Helper\PaginatorHelper.php, line 572]
Trace:
Cake\Error\BaseErrorHandler::handleError() - CORE\src\Error\BaseErrorHandler.php, line 138
Cake\View\Helper\PaginatorHelper::counter() - CORE\src\View\Helper\PaginatorHelper.php, line 572
include - APP/Template\LoginMoscamed\edit.ctp, line 39
Cake\View\View::_evaluate() - CORE\src\View\View.php, line 815
Cake\View\View::_render() - CORE\src\View\View.php, line 775
Cake\View\View::render() - CORE\src\View\View.php, line 463
Cake\Controller\Controller::render() - CORE\src\Controller\Controller.php, line 581
Cake\Routing\Dispatcher::_invoke() - CORE\src\Routing\Dispatcher.php, line 120
Cake\Routing\Dispatcher::dispatch() - CORE\src\Routing\Dispatcher.php, line 87
[main] - ROOT\webroot\index.php, line 37



2015-06-18 15:20:16 Notice: Notice (8): Undefined index: count in [C:\xampp\htdocs\Projeto\Cake\vendor\cakephp\cakephp\src\View\Helper\PaginatorHelper.php, line 573]
Trace:
Cake\Error\BaseErrorHandler::handleError() - CORE\src\Error\BaseErrorHandler.php, line 138
Cake\View\Helper\PaginatorHelper::counter() - CORE\src\View\Helper\PaginatorHelper.php, line 573
include - APP/Template\LoginMoscamed\edit.ctp, line 39
Cake\View\View::_evaluate() - CORE\src\View\View.php, line 815
Cake\View\View::_render() - CORE\src\View\View.php, line 775
Cake\View\View::render() - CORE\src\View\View.php, line 463
Cake\Controller\Controller::render() - CORE\src\Controller\Controller.php, line 581
Cake\Routing\Dispatcher::_invoke() - CORE\src\Routing\Dispatcher.php, line 120
Cake\Routing\Dispatcher::dispatch() - CORE\src\Routing\Dispatcher.php, line 87
[main] - ROOT\webroot\index.php, line 37



2015-06-18 15:24:56 Notice: Notice (8): Undefined index: pageCount in [C:\xampp\htdocs\Projeto\Cake\vendor\cakephp\cakephp\src\View\Helper\PaginatorHelper.php, line 625]
Trace:
Cake\Error\BaseErrorHandler::handleError() - CORE\src\Error\BaseErrorHandler.php, line 138
Cake\View\Helper\PaginatorHelper::numbers() - CORE\src\View\Helper\PaginatorHelper.php, line 625
include - APP/Template\LoginMoscamed\edit.ctp, line 36
Cake\View\View::_evaluate() - CORE\src\View\View.php, line 815
Cake\View\View::_render() - CORE\src\View\View.php, line 775
Cake\View\View::render() - CORE\src\View\View.php, line 463
Cake\Controller\Controller::render() - CORE\src\Controller\Controller.php, line 581
Cake\Routing\Dispatcher::_invoke() - CORE\src\Routing\Dispatcher.php, line 120
Cake\Routing\Dispatcher::dispatch() - CORE\src\Routing\Dispatcher.php, line 87
[main] - ROOT\webroot\index.php, line 37



2015-06-18 15:24:56 Notice: Notice (8): Undefined index: pageCount in [C:\xampp\htdocs\Projeto\Cake\vendor\cakephp\cakephp\src\View\Helper\PaginatorHelper.php, line 548]
Trace:
Cake\Error\BaseErrorHandler::handleError() - CORE\src\Error\BaseErrorHandler.php, line 138
Cake\View\Helper\PaginatorHelper::counter() - CORE\src\View\Helper\PaginatorHelper.php, line 548
include - APP/Template\LoginMoscamed\edit.ctp, line 39
Cake\View\View::_evaluate() - CORE\src\View\View.php, line 815
Cake\View\View::_render() - CORE\src\View\View.php, line 775
Cake\View\View::render() - CORE\src\View\View.php, line 463
Cake\Controller\Controller::render() - CORE\src\Controller\Controller.php, line 581
Cake\Routing\Dispatcher::_invoke() - CORE\src\Routing\Dispatcher.php, line 120
Cake\Routing\Dispatcher::dispatch() - CORE\src\Routing\Dispatcher.php, line 87
[main] - ROOT\webroot\index.php, line 37



2015-06-18 15:24:56 Notice: Notice (8): Undefined index: count in [C:\xampp\htdocs\Projeto\Cake\vendor\cakephp\cakephp\src\View\Helper\PaginatorHelper.php, line 552]
Trace:
Cake\Error\BaseErrorHandler::handleError() - CORE\src\Error\BaseErrorHandler.php, line 138
Cake\View\Helper\PaginatorHelper::counter() - CORE\src\View\Helper\PaginatorHelper.php, line 552
include - APP/Template\LoginMoscamed\edit.ctp, line 39
Cake\View\View::_evaluate() - CORE\src\View\View.php, line 815
Cake\View\View::_render() - CORE\src\View\View.php, line 775
Cake\View\View::render() - CORE\src\View\View.php, line 463
Cake\Controller\Controller::render() - CORE\src\Controller\Controller.php, line 581
Cake\Routing\Dispatcher::_invoke() - CORE\src\Routing\Dispatcher.php, line 120
Cake\Routing\Dispatcher::dispatch() - CORE\src\Routing\Dispatcher.php, line 87
[main] - ROOT\webroot\index.php, line 37



2015-06-18 15:24:56 Notice: Notice (8): Undefined index: perPage in [C:\xampp\htdocs\Projeto\Cake\vendor\cakephp\cakephp\src\View\Helper\PaginatorHelper.php, line 555]
Trace:
Cake\Error\BaseErrorHandler::handleError() - CORE\src\Error\BaseErrorHandler.php, line 138
Cake\View\Helper\PaginatorHelper::counter() - CORE\src\View\Helper\PaginatorHelper.php, line 555
include - APP/Template\LoginMoscamed\edit.ctp, line 39
Cake\View\View::_evaluate() - CORE\src\View\View.php, line 815
Cake\View\View::_render() - CORE\src\View\View.php, line 775
Cake\View\View::render() - CORE\src\View\View.php, line 463
Cake\Controller\Controller::render() - CORE\src\Controller\Controller.php, line 581
Cake\Routing\Dispatcher::_invoke() - CORE\src\Routing\Dispatcher.php, line 120
Cake\Routing\Dispatcher::dispatch() - CORE\src\Routing\Dispatcher.php, line 87
[main] - ROOT\webroot\index.php, line 37



2015-06-18 15:24:56 Notice: Notice (8): Undefined index: count in [C:\xampp\htdocs\Projeto\Cake\vendor\cakephp\cakephp\src\View\Helper\PaginatorHelper.php, line 556]
Trace:
Cake\Error\BaseErrorHandler::handleError() - CORE\src\Error\BaseErrorHandler.php, line 138
Cake\View\Helper\PaginatorHelper::counter() - CORE\src\View\Helper\PaginatorHelper.php, line 556
include - APP/Template\LoginMoscamed\edit.ctp, line 39
Cake\View\View::_evaluate() - CORE\src\View\View.php, line 815
Cake\View\View::_render() - CORE\src\View\View.php, line 775
Cake\View\View::render() - CORE\src\View\View.php, line 463
Cake\Controller\Controller::render() - CORE\src\Controller\Controller.php, line 581
Cake\Routing\Dispatcher::_invoke() - CORE\src\Routing\Dispatcher.php, line 120
Cake\Routing\Dispatcher::dispatch() - CORE\src\Routing\Dispatcher.php, line 87
[main] - ROOT\webroot\index.php, line 37



2015-06-18 15:24:56 Notice: Notice (8): Undefined index: count in [C:\xampp\htdocs\Projeto\Cake\vendor\cakephp\cakephp\src\View\Helper\PaginatorHelper.php, line 557]
Trace:
Cake\Error\BaseErrorHandler::handleError() - CORE\src\Error\BaseErrorHandler.php, line 138
Cake\View\Helper\PaginatorHelper::counter() - CORE\src\View\Helper\PaginatorHelper.php, line 557
include - APP/Template\LoginMoscamed\edit.ctp, line 39
Cake\View\View::_evaluate() - CORE\src\View\View.php, line 815
Cake\View\View::_render() - CORE\src\View\View.php, line 775
Cake\View\View::render() - CORE\src\View\View.php, line 463
Cake\Controller\Controller::render() - CORE\src\Controller\Controller.php, line 581
Cake\Routing\Dispatcher::_invoke() - CORE\src\Routing\Dispatcher.php, line 120
Cake\Routing\Dispatcher::dispatch() - CORE\src\Routing\Dispatcher.php, line 87
[main] - ROOT\webroot\index.php, line 37



2015-06-18 15:24:56 Notice: Notice (8): Undefined index: page in [C:\xampp\htdocs\Projeto\Cake\vendor\cakephp\cakephp\src\View\Helper\PaginatorHelper.php, line 570]
Trace:
Cake\Error\BaseErrorHandler::handleError() - CORE\src\Error\BaseErrorHandler.php, line 138
Cake\View\Helper\PaginatorHelper::counter() - CORE\src\View\Helper\PaginatorHelper.php, line 570
include - APP/Template\LoginMoscamed\edit.ctp, line 39
Cake\View\View::_evaluate() - CORE\src\View\View.php, line 815
Cake\View\View::_render() - CORE\src\View\View.php, line 775
Cake\View\View::render() - CORE\src\View\View.php, line 463
Cake\Controller\Controller::render() - CORE\src\Controller\Controller.php, line 581
Cake\Routing\Dispatcher::_invoke() - CORE\src\Routing\Dispatcher.php, line 120
Cake\Routing\Dispatcher::dispatch() - CORE\src\Routing\Dispatcher.php, line 87
[main] - ROOT\webroot\index.php, line 37



2015-06-18 15:24:56 Notice: Notice (8): Undefined index: current in [C:\xampp\htdocs\Projeto\Cake\vendor\cakephp\cakephp\src\View\Helper\PaginatorHelper.php, line 572]
Trace:
Cake\Error\BaseErrorHandler::handleError() - CORE\src\Error\BaseErrorHandler.php, line 138
Cake\View\Helper\PaginatorHelper::counter() - CORE\src\View\Helper\PaginatorHelper.php, line 572
include - APP/Template\LoginMoscamed\edit.ctp, line 39
Cake\View\View::_evaluate() - CORE\src\View\View.php, line 815
Cake\View\View::_render() - CORE\src\View\View.php, line 775
Cake\View\View::render() - CORE\src\View\View.php, line 463
Cake\Controller\Controller::render() - CORE\src\Controller\Controller.php, line 581
Cake\Routing\Dispatcher::_invoke() - CORE\src\Routing\Dispatcher.php, line 120
Cake\Routing\Dispatcher::dispatch() - CORE\src\Routing\Dispatcher.php, line 87
[main] - ROOT\webroot\index.php, line 37



2015-06-18 15:24:56 Notice: Notice (8): Undefined index: count in [C:\xampp\htdocs\Projeto\Cake\vendor\cakephp\cakephp\src\View\Helper\PaginatorHelper.php, line 573]
Trace:
Cake\Error\BaseErrorHandler::handleError() - CORE\src\Error\BaseErrorHandler.php, line 138
Cake\View\Helper\PaginatorHelper::counter() - CORE\src\View\Helper\PaginatorHelper.php, line 573
include - APP/Template\LoginMoscamed\edit.ctp, line 39
Cake\View\View::_evaluate() - CORE\src\View\View.php, line 815
Cake\View\View::_render() - CORE\src\View\View.php, line 775
Cake\View\View::render() - CORE\src\View\View.php, line 463
Cake\Controller\Controller::render() - CORE\src\Controller\Controller.php, line 581
Cake\Routing\Dispatcher::_invoke() - CORE\src\Routing\Dispatcher.php, line 120
Cake\Routing\Dispatcher::dispatch() - CORE\src\Routing\Dispatcher.php, line 87
[main] - ROOT\webroot\index.php, line 37



2015-06-18 15:27:37 Notice: Notice (8): Undefined variable: LoginTable in [C:\xampp\htdocs\Projeto\Cake\src\Controller\LoginMoscamedController.php, line 45]
Trace:
Cake\Error\BaseErrorHandler::handleError() - CORE\src\Error\BaseErrorHandler.php, line 138
App\Controller\LoginMoscamedController::edit() - APP/Controller\LoginMoscamedController.php, line 45
Cake\Controller\Controller::invokeAction() - CORE\src\Controller\Controller.php, line 410
Cake\Routing\Dispatcher::_invoke() - CORE\src\Routing\Dispatcher.php, line 114
Cake\Routing\Dispatcher::dispatch() - CORE\src\Routing\Dispatcher.php, line 87
[main] - ROOT\webroot\index.php, line 37



