2015-06-16 14:20:11 Error: [Cake\Controller\Exception\MissingActionException] Action LoginMoscamedController::js() could not be found, or is not accessible.
Exception Attributes: array (
  'controller' => 'LoginMoscamedController',
  'action' => 'js',
  'prefix' => '',
  'plugin' => NULL,
)
Request URL: /ProjetoESII/Cake/login_moscamed/js/script.js
Stack Trace:
#0 C:\xampp\htdocs\ProjetoESII\Cake\vendor\cakephp\cakephp\src\Routing\Dispatcher.php(114): Cake\Controller\Controller->invokeAction()
#1 C:\xampp\htdocs\ProjetoESII\Cake\vendor\cakephp\cakephp\src\Routing\Dispatcher.php(87): Cake\Routing\Dispatcher->_invoke(Object(App\Controller\LoginMoscamedController))
#2 C:\xampp\htdocs\ProjetoESII\Cake\webroot\index.php(37): Cake\Routing\Dispatcher->dispatch(Object(Cake\Network\Request), Object(Cake\Network\Response))
#3 {main}


2015-06-16 14:20:11 Error: [Cake\Routing\Exception\MissingControllerException] Controller class Js could not be found.
Exception Attributes: array (
  'class' => 'Js',
  'plugin' => NULL,
  'prefix' => NULL,
  '_ext' => NULL,
)
Request URL: /ProjetoESII/Cake/js/jquery-2.1.4.min.js
Stack Trace:
#0 C:\xampp\htdocs\ProjetoESII\Cake\webroot\index.php(37): Cake\Routing\Dispatcher->dispatch(Object(Cake\Network\Request), Object(Cake\Network\Response))
#1 {main}


2015-06-16 14:20:11 Error: [Cake\Routing\Exception\MissingControllerException] Controller class Css could not be found.
Exception Attributes: array (
  'class' => 'Css',
  'plugin' => NULL,
  'prefix' => NULL,
  '_ext' => NULL,
)
Request URL: /ProjetoESII/Cake/css/bootstrap.min.css
Stack Trace:
#0 C:\xampp\htdocs\ProjetoESII\Cake\webroot\index.php(37): Cake\Routing\Dispatcher->dispatch(Object(Cake\Network\Request), Object(Cake\Network\Response))
#1 {main}


2015-06-16 14:20:11 Error: [Cake\Routing\Exception\MissingControllerException] Controller class Js could not be found.
Exception Attributes: array (
  'class' => 'Js',
  'plugin' => NULL,
  'prefix' => NULL,
  '_ext' => NULL,
)
Request URL: /ProjetoESII/Cake/js/bootstrap.min.js
Stack Trace:
#0 C:\xampp\htdocs\ProjetoESII\Cake\webroot\index.php(37): Cake\Routing\Dispatcher->dispatch(Object(Cake\Network\Request), Object(Cake\Network\Response))
#1 {main}


2015-06-16 14:20:12 Error: [Cake\Routing\Exception\MissingControllerException] Controller class Css could not be found.
Exception Attributes: array (
  'class' => 'Css',
  'plugin' => NULL,
  'prefix' => NULL,
  '_ext' => NULL,
)
Request URL: /ProjetoESII/Cake/css/stylelogin.css
Stack Trace:
#0 C:\xampp\htdocs\ProjetoESII\Cake\webroot\index.php(37): Cake\Routing\Dispatcher->dispatch(Object(Cake\Network\Request), Object(Cake\Network\Response))
#1 {main}


2015-06-16 14:20:12 Error: [Cake\Controller\Exception\MissingActionException] Action LoginMoscamedController::js() could not be found, or is not accessible.
Exception Attributes: array (
  'controller' => 'LoginMoscamedController',
  'action' => 'js',
  'prefix' => '',
  'plugin' => NULL,
)
Request URL: /ProjetoESII/Cake/login_moscamed/js/script.js
Stack Trace:
#0 C:\xampp\htdocs\ProjetoESII\Cake\vendor\cakephp\cakephp\src\Routing\Dispatcher.php(114): Cake\Controller\Controller->invokeAction()
#1 C:\xampp\htdocs\ProjetoESII\Cake\vendor\cakephp\cakephp\src\Routing\Dispatcher.php(87): Cake\Routing\Dispatcher->_invoke(Object(App\Controller\LoginMoscamedController))
#2 C:\xampp\htdocs\ProjetoESII\Cake\webroot\index.php(37): Cake\Routing\Dispatcher->dispatch(Object(Cake\Network\Request), Object(Cake\Network\Response))
#3 {main}


2015-06-16 14:20:12 Error: [Cake\Routing\Exception\MissingControllerException] Controller class Img could not be found.
Exception Attributes: array (
  'class' => 'Img',
  'plugin' => NULL,
  'prefix' => NULL,
  '_ext' => NULL,
)
Request URL: /ProjetoESII/Cake/img/mosca.png
Stack Trace:
#0 C:\xampp\htdocs\ProjetoESII\Cake\webroot\index.php(37): Cake\Routing\Dispatcher->dispatch(Object(Cake\Network\Request), Object(Cake\Network\Response))
#1 {main}


2015-06-16 14:20:58 Error: [Cake\Controller\Exception\MissingActionException] Action LoginMoscamedController::js() could not be found, or is not accessible.
Exception Attributes: array (
  'controller' => 'LoginMoscamedController',
  'action' => 'js',
  'prefix' => '',
  'plugin' => NULL,
)
Request URL: /ProjetoESII/Cake/login_moscamed/js/script.js
Stack Trace:
#0 C:\xampp\htdocs\ProjetoESII\Cake\vendor\cakephp\cakephp\src\Routing\Dispatcher.php(114): Cake\Controller\Controller->invokeAction()
#1 C:\xampp\htdocs\ProjetoESII\Cake\vendor\cakephp\cakephp\src\Routing\Dispatcher.php(87): Cake\Routing\Dispatcher->_invoke(Object(App\Controller\LoginMoscamedController))
#2 C:\xampp\htdocs\ProjetoESII\Cake\webroot\index.php(37): Cake\Routing\Dispatcher->dispatch(Object(Cake\Network\Request), Object(Cake\Network\Response))
#3 {main}


2015-06-16 14:20:58 Error: [Cake\Routing\Exception\MissingControllerException] Controller class Css could not be found.
Exception Attributes: array (
  'class' => 'Css',
  'plugin' => NULL,
  'prefix' => NULL,
  '_ext' => NULL,
)
Request URL: /ProjetoESII/Cake/css/bootstrap.min.css
Stack Trace:
#0 C:\xampp\htdocs\ProjetoESII\Cake\webroot\index.php(37): Cake\Routing\Dispatcher->dispatch(Object(Cake\Network\Request), Object(Cake\Network\Response))
#1 {main}


2015-06-16 14:20:58 Error: [Cake\Routing\Exception\MissingControllerException] Controller class Css could not be found.
Exception Attributes: array (
  'class' => 'Css',
  'plugin' => NULL,
  'prefix' => NULL,
  '_ext' => NULL,
)
Request URL: /ProjetoESII/Cake/css/stylelogin.css
Stack Trace:
#0 C:\xampp\htdocs\ProjetoESII\Cake\webroot\index.php(37): Cake\Routing\Dispatcher->dispatch(Object(Cake\Network\Request), Object(Cake\Network\Response))
#1 {main}


2015-06-16 14:20:59 Error: [Cake\Routing\Exception\MissingControllerException] Controller class Js could not be found.
Exception Attributes: array (
  'class' => 'Js',
  'plugin' => NULL,
  'prefix' => NULL,
  '_ext' => NULL,
)
Request URL: /ProjetoESII/Cake/js/jquery-2.1.4.min.js
Stack Trace:
#0 C:\xampp\htdocs\ProjetoESII\Cake\webroot\index.php(37): Cake\Routing\Dispatcher->dispatch(Object(Cake\Network\Request), Object(Cake\Network\Response))
#1 {main}


2015-06-16 14:20:59 Error: [Cake\Routing\Exception\MissingControllerException] Controller class Js could not be found.
Exception Attributes: array (
  'class' => 'Js',
  'plugin' => NULL,
  'prefix' => NULL,
  '_ext' => NULL,
)
Request URL: /ProjetoESII/Cake/js/bootstrap.min.js
Stack Trace:
#0 C:\xampp\htdocs\ProjetoESII\Cake\webroot\index.php(37): Cake\Routing\Dispatcher->dispatch(Object(Cake\Network\Request), Object(Cake\Network\Response))
#1 {main}


2015-06-16 14:20:59 Error: [Cake\Controller\Exception\MissingActionException] Action LoginMoscamedController::js() could not be found, or is not accessible.
Exception Attributes: array (
  'controller' => 'LoginMoscamedController',
  'action' => 'js',
  'prefix' => '',
  'plugin' => NULL,
)
Request URL: /ProjetoESII/Cake/login_moscamed/js/script.js
Stack Trace:
#0 C:\xampp\htdocs\ProjetoESII\Cake\vendor\cakephp\cakephp\src\Routing\Dispatcher.php(114): Cake\Controller\Controller->invokeAction()
#1 C:\xampp\htdocs\ProjetoESII\Cake\vendor\cakephp\cakephp\src\Routing\Dispatcher.php(87): Cake\Routing\Dispatcher->_invoke(Object(App\Controller\LoginMoscamedController))
#2 C:\xampp\htdocs\ProjetoESII\Cake\webroot\index.php(37): Cake\Routing\Dispatcher->dispatch(Object(Cake\Network\Request), Object(Cake\Network\Response))
#3 {main}


2015-06-16 14:21:00 Error: [Cake\Routing\Exception\MissingControllerException] Controller class Img could not be found.
Exception Attributes: array (
  'class' => 'Img',
  'plugin' => NULL,
  'prefix' => NULL,
  '_ext' => NULL,
)
Request URL: /ProjetoESII/Cake/img/mosca.png
Stack Trace:
#0 C:\xampp\htdocs\ProjetoESII\Cake\webroot\index.php(37): Cake\Routing\Dispatcher->dispatch(Object(Cake\Network\Request), Object(Cake\Network\Response))
#1 {main}


2015-06-16 14:22:15 Error: [Cake\Controller\Exception\MissingActionException] Action LoginMoscamedController::js() could not be found, or is not accessible.
Exception Attributes: array (
  'controller' => 'LoginMoscamedController',
  'action' => 'js',
  'prefix' => '',
  'plugin' => NULL,
)
Request URL: /ProjetoESII/Cake/login_moscamed/js/script.js
Stack Trace:
#0 C:\xampp\htdocs\ProjetoESII\Cake\vendor\cakephp\cakephp\src\Routing\Dispatcher.php(114): Cake\Controller\Controller->invokeAction()
#1 C:\xampp\htdocs\ProjetoESII\Cake\vendor\cakephp\cakephp\src\Routing\Dispatcher.php(87): Cake\Routing\Dispatcher->_invoke(Object(App\Controller\LoginMoscamedController))
#2 C:\xampp\htdocs\ProjetoESII\Cake\webroot\index.php(37): Cake\Routing\Dispatcher->dispatch(Object(Cake\Network\Request), Object(Cake\Network\Response))
#3 {main}


2015-06-16 14:27:03 Error: [Cake\Controller\Exception\MissingActionException] Action LoginMoscamedController::js() could not be found, or is not accessible.
Exception Attributes: array (
  'controller' => 'LoginMoscamedController',
  'action' => 'js',
  'prefix' => '',
  'plugin' => NULL,
)
Request URL: /ProjetoESII/Cake/login_moscamed/js/script.js
Stack Trace:
#0 C:\xampp\htdocs\ProjetoESII\Cake\vendor\cakephp\cakephp\src\Routing\Dispatcher.php(114): Cake\Controller\Controller->invokeAction()
#1 C:\xampp\htdocs\ProjetoESII\Cake\vendor\cakephp\cakephp\src\Routing\Dispatcher.php(87): Cake\Routing\Dispatcher->_invoke(Object(App\Controller\LoginMoscamedController))
#2 C:\xampp\htdocs\ProjetoESII\Cake\webroot\index.php(37): Cake\Routing\Dispatcher->dispatch(Object(Cake\Network\Request), Object(Cake\Network\Response))
#3 {main}


2015-06-16 14:37:51 Error: [Cake\Controller\Exception\MissingActionException] Action LoginMoscamedController::js() could not be found, or is not accessible.
Exception Attributes: array (
  'controller' => 'LoginMoscamedController',
  'action' => 'js',
  'prefix' => '',
  'plugin' => NULL,
)
Request URL: /Projeto/Cake/login_moscamed/js/script.js
Stack Trace:
#0 C:\xampp\htdocs\Projeto\Cake\vendor\cakephp\cakephp\src\Routing\Dispatcher.php(114): Cake\Controller\Controller->invokeAction()
#1 C:\xampp\htdocs\Projeto\Cake\vendor\cakephp\cakephp\src\Routing\Dispatcher.php(87): Cake\Routing\Dispatcher->_invoke(Object(App\Controller\LoginMoscamedController))
#2 C:\xampp\htdocs\Projeto\Cake\webroot\index.php(37): Cake\Routing\Dispatcher->dispatch(Object(Cake\Network\Request), Object(Cake\Network\Response))
#3 {main}


2015-06-16 14:41:25 Error: [Cake\Controller\Exception\MissingActionException] Action LoginMoscamedController::js() could not be found, or is not accessible.
Exception Attributes: array (
  'controller' => 'LoginMoscamedController',
  'action' => 'js',
  'prefix' => '',
  'plugin' => NULL,
)
Request URL: /Projeto/Cake/login_moscamed/js/script.js
Stack Trace:
#0 C:\xampp\htdocs\Projeto\Cake\vendor\cakephp\cakephp\src\Routing\Dispatcher.php(114): Cake\Controller\Controller->invokeAction()
#1 C:\xampp\htdocs\Projeto\Cake\vendor\cakephp\cakephp\src\Routing\Dispatcher.php(87): Cake\Routing\Dispatcher->_invoke(Object(App\Controller\LoginMoscamedController))
#2 C:\xampp\htdocs\Projeto\Cake\webroot\index.php(37): Cake\Routing\Dispatcher->dispatch(Object(Cake\Network\Request), Object(Cake\Network\Response))
#3 {main}


2015-06-18 14:14:08 Error: [Cake\Controller\Exception\MissingActionException] Action LoginMoscamedController::js() could not be found, or is not accessible.
Exception Attributes: array (
  'controller' => 'LoginMoscamedController',
  'action' => 'js',
  'prefix' => '',
  'plugin' => NULL,
)
Request URL: /Projeto/Cake/login_moscamed/js/script.js
Stack Trace:
#0 C:\xampp\htdocs\Projeto\Cake\vendor\cakephp\cakephp\src\Routing\Dispatcher.php(114): Cake\Controller\Controller->invokeAction()
#1 C:\xampp\htdocs\Projeto\Cake\vendor\cakephp\cakephp\src\Routing\Dispatcher.php(87): Cake\Routing\Dispatcher->_invoke(Object(App\Controller\LoginMoscamedController))
#2 C:\xampp\htdocs\Projeto\Cake\webroot\index.php(37): Cake\Routing\Dispatcher->dispatch(Object(Cake\Network\Request), Object(Cake\Network\Response))
#3 {main}


2015-06-18 14:15:11 Error: [Cake\Routing\Exception\MissingControllerException] Controller class Index could not be found.
Exception Attributes: array (
  'class' => 'Index',
  'plugin' => NULL,
  'prefix' => NULL,
  '_ext' => NULL,
)
Request URL: /Projeto/Cake/index
Stack Trace:
#0 C:\xampp\htdocs\Projeto\Cake\webroot\index.php(37): Cake\Routing\Dispatcher->dispatch(Object(Cake\Network\Request), Object(Cake\Network\Response))
#1 {main}


2015-06-18 14:16:00 Error: [Cake\Controller\Exception\MissingActionException] Action LoginMoscamedController::js() could not be found, or is not accessible.
Exception Attributes: array (
  'controller' => 'LoginMoscamedController',
  'action' => 'js',
  'prefix' => '',
  'plugin' => NULL,
)
Request URL: /Projeto/Cake/login_moscamed/js/script.js
Stack Trace:
#0 C:\xampp\htdocs\Projeto\Cake\vendor\cakephp\cakephp\src\Routing\Dispatcher.php(114): Cake\Controller\Controller->invokeAction()
#1 C:\xampp\htdocs\Projeto\Cake\vendor\cakephp\cakephp\src\Routing\Dispatcher.php(87): Cake\Routing\Dispatcher->_invoke(Object(App\Controller\LoginMoscamedController))
#2 C:\xampp\htdocs\Projeto\Cake\webroot\index.php(37): Cake\Routing\Dispatcher->dispatch(Object(Cake\Network\Request), Object(Cake\Network\Response))
#3 {main}


2015-06-18 14:16:03 Error: [Cake\View\Exception\MissingHelperException] Helper class queryHelper could not be found.
Exception Attributes: array (
  'class' => 'queryHelper',
  'plugin' => NULL,
)
Request URL: /Projeto/Cake/login_moscamed/edit
Stack Trace:
#0 C:\xampp\htdocs\Projeto\Cake\vendor\cakephp\cakephp\src\Core\ObjectRegistry.php(87): Cake\View\HelperRegistry->_throwMissingClassError('query', NULL)
#1 C:\xampp\htdocs\Projeto\Cake\vendor\cakephp\cakephp\src\View\HelperRegistry.php(66): Cake\Core\ObjectRegistry->load('query')
#2 C:\xampp\htdocs\Projeto\Cake\vendor\cakephp\cakephp\src\View\View.php(732): Cake\View\HelperRegistry->__isset('query')
#3 C:\xampp\htdocs\Projeto\Cake\src\Template\LoginMoscamed\edit.ctp(1): Cake\View\View->__get('query')
#4 C:\xampp\htdocs\Projeto\Cake\vendor\cakephp\cakephp\src\View\View.php(815): include('C:\\xampp\\htdocs...')
#5 C:\xampp\htdocs\Projeto\Cake\vendor\cakephp\cakephp\src\View\View.php(775): Cake\View\View->_evaluate('C:\\xampp\\htdocs...', Array)
#6 C:\xampp\htdocs\Projeto\Cake\vendor\cakephp\cakephp\src\View\View.php(463): Cake\View\View->_render('C:\\xampp\\htdocs...')
#7 C:\xampp\htdocs\Projeto\Cake\vendor\cakephp\cakephp\src\Controller\Controller.php(581): Cake\View\View->render(NULL, NULL)
#8 C:\xampp\htdocs\Projeto\Cake\vendor\cakephp\cakephp\src\Routing\Dispatcher.php(120): Cake\Controller\Controller->render()
#9 C:\xampp\htdocs\Projeto\Cake\vendor\cakephp\cakephp\src\Routing\Dispatcher.php(87): Cake\Routing\Dispatcher->_invoke(Object(App\Controller\LoginMoscamedController))
#10 C:\xampp\htdocs\Projeto\Cake\webroot\index.php(37): Cake\Routing\Dispatcher->dispatch(Object(Cake\Network\Request), Object(Cake\Network\Response))
#11 {main}


2015-06-18 14:16:06 Error: [Cake\Controller\Exception\MissingActionException] Action LoginMoscamedController::js() could not be found, or is not accessible.
Exception Attributes: array (
  'controller' => 'LoginMoscamedController',
  'action' => 'js',
  'prefix' => '',
  'plugin' => NULL,
)
Request URL: /Projeto/Cake/login_moscamed/js/script.js
Stack Trace:
#0 C:\xampp\htdocs\Projeto\Cake\vendor\cakephp\cakephp\src\Routing\Dispatcher.php(114): Cake\Controller\Controller->invokeAction()
#1 C:\xampp\htdocs\Projeto\Cake\vendor\cakephp\cakephp\src\Routing\Dispatcher.php(87): Cake\Routing\Dispatcher->_invoke(Object(App\Controller\LoginMoscamedController))
#2 C:\xampp\htdocs\Projeto\Cake\webroot\index.php(37): Cake\Routing\Dispatcher->dispatch(Object(Cake\Network\Request), Object(Cake\Network\Response))
#3 {main}


2015-06-18 14:16:08 Error: [Cake\View\Exception\MissingHelperException] Helper class queryHelper could not be found.
Exception Attributes: array (
  'class' => 'queryHelper',
  'plugin' => NULL,
)
Request URL: /Projeto/Cake/login_moscamed/edit
Stack Trace:
#0 C:\xampp\htdocs\Projeto\Cake\vendor\cakephp\cakephp\src\Core\ObjectRegistry.php(87): Cake\View\HelperRegistry->_throwMissingClassError('query', NULL)
#1 C:\xampp\htdocs\Projeto\Cake\vendor\cakephp\cakephp\src\View\HelperRegistry.php(66): Cake\Core\ObjectRegistry->load('query')
#2 C:\xampp\htdocs\Projeto\Cake\vendor\cakephp\cakephp\src\View\View.php(732): Cake\View\HelperRegistry->__isset('query')
#3 C:\xampp\htdocs\Projeto\Cake\src\Template\LoginMoscamed\edit.ctp(1): Cake\View\View->__get('query')
#4 C:\xampp\htdocs\Projeto\Cake\vendor\cakephp\cakephp\src\View\View.php(815): include('C:\\xampp\\htdocs...')
#5 C:\xampp\htdocs\Projeto\Cake\vendor\cakephp\cakephp\src\View\View.php(775): Cake\View\View->_evaluate('C:\\xampp\\htdocs...', Array)
#6 C:\xampp\htdocs\Projeto\Cake\vendor\cakephp\cakephp\src\View\View.php(463): Cake\View\View->_render('C:\\xampp\\htdocs...')
#7 C:\xampp\htdocs\Projeto\Cake\vendor\cakephp\cakephp\src\Controller\Controller.php(581): Cake\View\View->render(NULL, NULL)
#8 C:\xampp\htdocs\Projeto\Cake\vendor\cakephp\cakephp\src\Routing\Dispatcher.php(120): Cake\Controller\Controller->render()
#9 C:\xampp\htdocs\Projeto\Cake\vendor\cakephp\cakephp\src\Routing\Dispatcher.php(87): Cake\Routing\Dispatcher->_invoke(Object(App\Controller\LoginMoscamedController))
#10 C:\xampp\htdocs\Projeto\Cake\webroot\index.php(37): Cake\Routing\Dispatcher->dispatch(Object(Cake\Network\Request), Object(Cake\Network\Response))
#11 {main}


2015-06-18 14:16:11 Error: [Cake\Controller\Exception\MissingActionException] Action LoginMoscamedController::js() could not be found, or is not accessible.
Exception Attributes: array (
  'controller' => 'LoginMoscamedController',
  'action' => 'js',
  'prefix' => '',
  'plugin' => NULL,
)
Request URL: /Projeto/Cake/login_moscamed/js/script.js
Stack Trace:
#0 C:\xampp\htdocs\Projeto\Cake\vendor\cakephp\cakephp\src\Routing\Dispatcher.php(114): Cake\Controller\Controller->invokeAction()
#1 C:\xampp\htdocs\Projeto\Cake\vendor\cakephp\cakephp\src\Routing\Dispatcher.php(87): Cake\Routing\Dispatcher->_invoke(Object(App\Controller\LoginMoscamedController))
#2 C:\xampp\htdocs\Projeto\Cake\webroot\index.php(37): Cake\Routing\Dispatcher->dispatch(Object(Cake\Network\Request), Object(Cake\Network\Response))
#3 {main}


2015-06-18 14:19:13 Error: [RuntimeException] Unable to locate an object compatible with paginate.
Request URL: /Projeto/Cake/login_moscamed/view
Stack Trace:
#0 C:\xampp\htdocs\Projeto\Cake\src\Controller\LoginMoscamedController.php(107): Cake\Controller\Controller->paginate(false)
#1 [internal function]: App\Controller\LoginMoscamedController->index()
#2 C:\xampp\htdocs\Projeto\Cake\vendor\cakephp\cakephp\src\Controller\Controller.php(410): call_user_func_array(Array, Array)
#3 C:\xampp\htdocs\Projeto\Cake\vendor\cakephp\cakephp\src\Routing\Dispatcher.php(114): Cake\Controller\Controller->invokeAction()
#4 C:\xampp\htdocs\Projeto\Cake\vendor\cakephp\cakephp\src\Routing\Dispatcher.php(87): Cake\Routing\Dispatcher->_invoke(Object(App\Controller\LoginMoscamedController))
#5 C:\xampp\htdocs\Projeto\Cake\webroot\index.php(37): Cake\Routing\Dispatcher->dispatch(Object(Cake\Network\Request), Object(Cake\Network\Response))
#6 {main}


2015-06-18 14:20:33 Error: [RuntimeException] Unable to locate an object compatible with paginate.
Request URL: /Projeto/Cake/login_moscamed/view
Stack Trace:
#0 C:\xampp\htdocs\Projeto\Cake\src\Controller\LoginMoscamedController.php(107): Cake\Controller\Controller->paginate(false)
#1 [internal function]: App\Controller\LoginMoscamedController->index()
#2 C:\xampp\htdocs\Projeto\Cake\vendor\cakephp\cakephp\src\Controller\Controller.php(410): call_user_func_array(Array, Array)
#3 C:\xampp\htdocs\Projeto\Cake\vendor\cakephp\cakephp\src\Routing\Dispatcher.php(114): Cake\Controller\Controller->invokeAction()
#4 C:\xampp\htdocs\Projeto\Cake\vendor\cakephp\cakephp\src\Routing\Dispatcher.php(87): Cake\Routing\Dispatcher->_invoke(Object(App\Controller\LoginMoscamedController))
#5 C:\xampp\htdocs\Projeto\Cake\webroot\index.php(37): Cake\Routing\Dispatcher->dispatch(Object(Cake\Network\Request), Object(Cake\Network\Response))
#6 {main}


2015-06-18 14:20:35 Error: [RuntimeException] Unable to locate an object compatible with paginate.
Request URL: /Projeto/Cake/login_moscamed/view
Stack Trace:
#0 C:\xampp\htdocs\Projeto\Cake\src\Controller\LoginMoscamedController.php(107): Cake\Controller\Controller->paginate(false)
#1 [internal function]: App\Controller\LoginMoscamedController->index()
#2 C:\xampp\htdocs\Projeto\Cake\vendor\cakephp\cakephp\src\Controller\Controller.php(410): call_user_func_array(Array, Array)
#3 C:\xampp\htdocs\Projeto\Cake\vendor\cakephp\cakephp\src\Routing\Dispatcher.php(114): Cake\Controller\Controller->invokeAction()
#4 C:\xampp\htdocs\Projeto\Cake\vendor\cakephp\cakephp\src\Routing\Dispatcher.php(87): Cake\Routing\Dispatcher->_invoke(Object(App\Controller\LoginMoscamedController))
#5 C:\xampp\htdocs\Projeto\Cake\webroot\index.php(37): Cake\Routing\Dispatcher->dispatch(Object(Cake\Network\Request), Object(Cake\Network\Response))
#6 {main}


2015-06-18 14:21:23 Error: [RuntimeException] Unable to locate an object compatible with paginate.
Request URL: /Projeto/Cake/login_moscamed/view
Stack Trace:
#0 C:\xampp\htdocs\Projeto\Cake\src\Controller\LoginMoscamedController.php(107): Cake\Controller\Controller->paginate(false)
#1 [internal function]: App\Controller\LoginMoscamedController->index()
#2 C:\xampp\htdocs\Projeto\Cake\vendor\cakephp\cakephp\src\Controller\Controller.php(410): call_user_func_array(Array, Array)
#3 C:\xampp\htdocs\Projeto\Cake\vendor\cakephp\cakephp\src\Routing\Dispatcher.php(114): Cake\Controller\Controller->invokeAction()
#4 C:\xampp\htdocs\Projeto\Cake\vendor\cakephp\cakephp\src\Routing\Dispatcher.php(87): Cake\Routing\Dispatcher->_invoke(Object(App\Controller\LoginMoscamedController))
#5 C:\xampp\htdocs\Projeto\Cake\webroot\index.php(37): Cake\Routing\Dispatcher->dispatch(Object(Cake\Network\Request), Object(Cake\Network\Response))
#6 {main}


2015-06-18 14:22:24 Error: [RuntimeException] Unable to locate an object compatible with paginate.
Request URL: /Projeto/Cake/login_moscamed/view
Stack Trace:
#0 C:\xampp\htdocs\Projeto\Cake\src\Controller\LoginMoscamedController.php(107): Cake\Controller\Controller->paginate(false)
#1 [internal function]: App\Controller\LoginMoscamedController->index()
#2 C:\xampp\htdocs\Projeto\Cake\vendor\cakephp\cakephp\src\Controller\Controller.php(410): call_user_func_array(Array, Array)
#3 C:\xampp\htdocs\Projeto\Cake\vendor\cakephp\cakephp\src\Routing\Dispatcher.php(114): Cake\Controller\Controller->invokeAction()
#4 C:\xampp\htdocs\Projeto\Cake\vendor\cakephp\cakephp\src\Routing\Dispatcher.php(87): Cake\Routing\Dispatcher->_invoke(Object(App\Controller\LoginMoscamedController))
#5 C:\xampp\htdocs\Projeto\Cake\webroot\index.php(37): Cake\Routing\Dispatcher->dispatch(Object(Cake\Network\Request), Object(Cake\Network\Response))
#6 {main}


2015-06-18 14:23:21 Error: [Cake\Database\Exception] Cannot describe login_moscamed. It has 0 columns.
Request URL: /Projeto/Cake/login_moscamed/view
Stack Trace:
#0 C:\xampp\htdocs\Projeto\Cake\vendor\cakephp\cakephp\src\Database\Schema\CachedCollection.php(65): Cake\Database\Schema\Collection->describe('login_moscamed', Array)
#1 C:\xampp\htdocs\Projeto\Cake\vendor\cakephp\cakephp\src\ORM\Table.php(426): Cake\Database\Schema\CachedCollection->describe('login_moscamed')
#2 C:\xampp\htdocs\Projeto\Cake\vendor\cakephp\cakephp\src\ORM\Query.php(141): Cake\ORM\Table->schema()
#3 C:\xampp\htdocs\Projeto\Cake\vendor\cakephp\cakephp\src\ORM\Query.php(123): Cake\ORM\Query->addDefaultTypes(Object(Cake\ORM\Table))
#4 C:\xampp\htdocs\Projeto\Cake\vendor\cakephp\cakephp\src\ORM\Table.php(1164): Cake\ORM\Query->__construct(Object(Cake\Database\Connection), Object(Cake\ORM\Table))
#5 C:\xampp\htdocs\Projeto\Cake\vendor\cakephp\cakephp\src\ORM\Table.php(883): Cake\ORM\Table->query()
#6 C:\xampp\htdocs\Projeto\Cake\vendor\cakephp\cakephp\src\Controller\Component\PaginatorComponent.php(164): Cake\ORM\Table->find('all', Array)
#7 C:\xampp\htdocs\Projeto\Cake\vendor\cakephp\cakephp\src\Controller\Controller.php(640): Cake\Controller\Component\PaginatorComponent->paginate(Object(Cake\ORM\Table), Array)
#8 C:\xampp\htdocs\Projeto\Cake\src\Controller\LoginMoscamedController.php(107): Cake\Controller\Controller->paginate(Object(Cake\ORM\Table))
#9 [internal function]: App\Controller\LoginMoscamedController->index()
#10 C:\xampp\htdocs\Projeto\Cake\vendor\cakephp\cakephp\src\Controller\Controller.php(410): call_user_func_array(Array, Array)
#11 C:\xampp\htdocs\Projeto\Cake\vendor\cakephp\cakephp\src\Routing\Dispatcher.php(114): Cake\Controller\Controller->invokeAction()
#12 C:\xampp\htdocs\Projeto\Cake\vendor\cakephp\cakephp\src\Routing\Dispatcher.php(87): Cake\Routing\Dispatcher->_invoke(Object(App\Controller\LoginMoscamedController))
#13 C:\xampp\htdocs\Projeto\Cake\webroot\index.php(37): Cake\Routing\Dispatcher->dispatch(Object(Cake\Network\Request), Object(Cake\Network\Response))
#14 {main}


2015-06-18 14:24:16 Error: [RuntimeException] Unable to locate an object compatible with paginate.
Request URL: /Projeto/Cake/login_moscamed/view
Stack Trace:
#0 C:\xampp\htdocs\Projeto\Cake\src\Controller\LoginMoscamedController.php(107): Cake\Controller\Controller->paginate(false)
#1 [internal function]: App\Controller\LoginMoscamedController->index()
#2 C:\xampp\htdocs\Projeto\Cake\vendor\cakephp\cakephp\src\Controller\Controller.php(410): call_user_func_array(Array, Array)
#3 C:\xampp\htdocs\Projeto\Cake\vendor\cakephp\cakephp\src\Routing\Dispatcher.php(114): Cake\Controller\Controller->invokeAction()
#4 C:\xampp\htdocs\Projeto\Cake\vendor\cakephp\cakephp\src\Routing\Dispatcher.php(87): Cake\Routing\Dispatcher->_invoke(Object(App\Controller\LoginMoscamedController))
#5 C:\xampp\htdocs\Projeto\Cake\webroot\index.php(37): Cake\Routing\Dispatcher->dispatch(Object(Cake\Network\Request), Object(Cake\Network\Response))
#6 {main}


2015-06-18 14:28:00 Error: [RuntimeException] Unable to locate an object compatible with paginate.
Request URL: /Projeto/Cake/login_moscamed/view
Stack Trace:
#0 C:\xampp\htdocs\Projeto\Cake\src\Controller\LoginMoscamedController.php(113): Cake\Controller\Controller->paginate(false)
#1 [internal function]: App\Controller\LoginMoscamedController->index()
#2 C:\xampp\htdocs\Projeto\Cake\vendor\cakephp\cakephp\src\Controller\Controller.php(410): call_user_func_array(Array, Array)
#3 C:\xampp\htdocs\Projeto\Cake\vendor\cakephp\cakephp\src\Routing\Dispatcher.php(114): Cake\Controller\Controller->invokeAction()
#4 C:\xampp\htdocs\Projeto\Cake\vendor\cakephp\cakephp\src\Routing\Dispatcher.php(87): Cake\Routing\Dispatcher->_invoke(Object(App\Controller\LoginMoscamedController))
#5 C:\xampp\htdocs\Projeto\Cake\webroot\index.php(37): Cake\Routing\Dispatcher->dispatch(Object(Cake\Network\Request), Object(Cake\Network\Response))
#6 {main}


2015-06-18 14:29:01 Error: [RuntimeException] Unable to locate an object compatible with paginate.
Request URL: /Projeto/Cake/login_moscamed/view
Stack Trace:
#0 C:\xampp\htdocs\Projeto\Cake\src\Controller\LoginMoscamedController.php(116): Cake\Controller\Controller->paginate(false)
#1 [internal function]: App\Controller\LoginMoscamedController->index()
#2 C:\xampp\htdocs\Projeto\Cake\vendor\cakephp\cakephp\src\Controller\Controller.php(410): call_user_func_array(Array, Array)
#3 C:\xampp\htdocs\Projeto\Cake\vendor\cakephp\cakephp\src\Routing\Dispatcher.php(114): Cake\Controller\Controller->invokeAction()
#4 C:\xampp\htdocs\Projeto\Cake\vendor\cakephp\cakephp\src\Routing\Dispatcher.php(87): Cake\Routing\Dispatcher->_invoke(Object(App\Controller\LoginMoscamedController))
#5 C:\xampp\htdocs\Projeto\Cake\webroot\index.php(37): Cake\Routing\Dispatcher->dispatch(Object(Cake\Network\Request), Object(Cake\Network\Response))
#6 {main}


2015-06-18 14:30:21 Error: [RuntimeException] Unable to locate an object compatible with paginate.
Request URL: /Projeto/Cake/login_moscamed/view
Stack Trace:
#0 C:\xampp\htdocs\Projeto\Cake\src\Controller\LoginMoscamedController.php(129): Cake\Controller\Controller->paginate(false)
#1 [internal function]: App\Controller\LoginMoscamedController->index()
#2 C:\xampp\htdocs\Projeto\Cake\vendor\cakephp\cakephp\src\Controller\Controller.php(410): call_user_func_array(Array, Array)
#3 C:\xampp\htdocs\Projeto\Cake\vendor\cakephp\cakephp\src\Routing\Dispatcher.php(114): Cake\Controller\Controller->invokeAction()
#4 C:\xampp\htdocs\Projeto\Cake\vendor\cakephp\cakephp\src\Routing\Dispatcher.php(87): Cake\Routing\Dispatcher->_invoke(Object(App\Controller\LoginMoscamedController))
#5 C:\xampp\htdocs\Projeto\Cake\webroot\index.php(37): Cake\Routing\Dispatcher->dispatch(Object(Cake\Network\Request), Object(Cake\Network\Response))
#6 {main}


2015-06-18 14:31:55 Error: [RuntimeException] Unable to locate an object compatible with paginate.
Request URL: /Projeto/Cake/login_moscamed/view
Stack Trace:
#0 C:\xampp\htdocs\Projeto\Cake\src\Controller\LoginMoscamedController.php(129): Cake\Controller\Controller->paginate(false)
#1 [internal function]: App\Controller\LoginMoscamedController->index()
#2 C:\xampp\htdocs\Projeto\Cake\vendor\cakephp\cakephp\src\Controller\Controller.php(410): call_user_func_array(Array, Array)
#3 C:\xampp\htdocs\Projeto\Cake\vendor\cakephp\cakephp\src\Routing\Dispatcher.php(114): Cake\Controller\Controller->invokeAction()
#4 C:\xampp\htdocs\Projeto\Cake\vendor\cakephp\cakephp\src\Routing\Dispatcher.php(87): Cake\Routing\Dispatcher->_invoke(Object(App\Controller\LoginMoscamedController))
#5 C:\xampp\htdocs\Projeto\Cake\webroot\index.php(37): Cake\Routing\Dispatcher->dispatch(Object(Cake\Network\Request), Object(Cake\Network\Response))
#6 {main}


2015-06-18 14:41:35 Error: [PDOException] SQLSTATE[08006] [7] could not connect to server: Connection timed out (0x0000274C/10060)
	Is the server running on host "10.87.154.49" and accepting
	TCP/IP connections on port 5432?
Request URL: /Projeto/Cake/login_moscamed/view
Stack Trace:
#0 C:\xampp\htdocs\Projeto\Cake\vendor\cakephp\cakephp\src\Database\Driver\PDODriverTrait.php(48): PDO->__construct('pgsql:host=10.8...', 'postgres', 'moscamed', Array)
#1 C:\xampp\htdocs\Projeto\Cake\vendor\cakephp\cakephp\src\Database\Driver\Postgres.php(66): Cake\Database\Driver\Postgres->_connect('pgsql:host=10.8...', Array)
#2 C:\xampp\htdocs\Projeto\Cake\vendor\cakephp\cakephp\src\Database\Schema\BaseSchema.php(46): Cake\Database\Driver\Postgres->connect()
#3 C:\xampp\htdocs\Projeto\Cake\vendor\cakephp\cakephp\src\Database\Dialect\PostgresDialectTrait.php(146): Cake\Database\Schema\BaseSchema->__construct(Object(Cake\Database\Driver\Postgres))
#4 C:\xampp\htdocs\Projeto\Cake\vendor\cakephp\cakephp\src\Database\Schema\Collection.php(52): Cake\Database\Driver\Postgres->schemaDialect()
#5 C:\xampp\htdocs\Projeto\Cake\vendor\cakephp\cakephp\src\Database\Schema\CachedCollection.php(44): Cake\Database\Schema\Collection->__construct(Object(Cake\Database\Connection))
#6 C:\xampp\htdocs\Projeto\Cake\vendor\cakephp\cakephp\src\Database\Connection.php(319): Cake\Database\Schema\CachedCollection->__construct(Object(Cake\Database\Connection), true)
#7 C:\xampp\htdocs\Projeto\Cake\vendor\cakephp\cakephp\src\ORM\Table.php(425): Cake\Database\Connection->schemaCollection()
#8 C:\xampp\htdocs\Projeto\Cake\vendor\cakephp\cakephp\src\ORM\Query.php(141): Cake\ORM\Table->schema()
#9 C:\xampp\htdocs\Projeto\Cake\vendor\cakephp\cakephp\src\ORM\Query.php(123): Cake\ORM\Query->addDefaultTypes(Object(App\Model\Table\LoginTable))
#10 C:\xampp\htdocs\Projeto\Cake\vendor\cakephp\cakephp\src\ORM\Table.php(1164): Cake\ORM\Query->__construct(Object(Cake\Database\Connection), Object(App\Model\Table\LoginTable))
#11 C:\xampp\htdocs\Projeto\Cake\vendor\cakephp\cakephp\src\ORM\Table.php(883): Cake\ORM\Table->query()
#12 C:\xampp\htdocs\Projeto\Cake\vendor\cakephp\cakephp\src\Controller\Component\PaginatorComponent.php(164): Cake\ORM\Table->find('all', Array)
#13 C:\xampp\htdocs\Projeto\Cake\vendor\cakephp\cakephp\src\Controller\Controller.php(640): Cake\Controller\Component\PaginatorComponent->paginate(Object(App\Model\Table\LoginTable), Array)
#14 C:\xampp\htdocs\Projeto\Cake\src\Controller\LoginMoscamedController.php(131): Cake\Controller\Controller->paginate(Object(App\Model\Table\LoginTable))
#15 [internal function]: App\Controller\LoginMoscamedController->index()
#16 C:\xampp\htdocs\Projeto\Cake\vendor\cakephp\cakephp\src\Controller\Controller.php(410): call_user_func_array(Array, Array)
#17 C:\xampp\htdocs\Projeto\Cake\vendor\cakephp\cakephp\src\Routing\Dispatcher.php(114): Cake\Controller\Controller->invokeAction()
#18 C:\xampp\htdocs\Projeto\Cake\vendor\cakephp\cakephp\src\Routing\Dispatcher.php(87): Cake\Routing\Dispatcher->_invoke(Object(App\Controller\LoginMoscamedController))
#19 C:\xampp\htdocs\Projeto\Cake\webroot\index.php(37): Cake\Routing\Dispatcher->dispatch(Object(Cake\Network\Request), Object(Cake\Network\Response))
#20 {main}


2015-06-18 14:46:03 Warning: Warning (2): Invalid argument supplied for foreach() in [C:\xampp\htdocs\Projeto\Cake\src\Template\LoginMoscamed\edit.ctp, line 18]
Trace:
Cake\Error\BaseErrorHandler::handleError() - CORE\src\Error\BaseErrorHandler.php, line 138
include - APP/Template\LoginMoscamed\edit.ctp, line 18
Cake\View\View::_evaluate() - CORE\src\View\View.php, line 815
Cake\View\View::_render() - CORE\src\View\View.php, line 775
Cake\View\View::render() - CORE\src\View\View.php, line 463
Cake\Controller\Controller::render() - CORE\src\Controller\Controller.php, line 581
Cake\Routing\Dispatcher::_invoke() - CORE\src\Routing\Dispatcher.php, line 120
Cake\Routing\Dispatcher::dispatch() - CORE\src\Routing\Dispatcher.php, line 87
[main] - ROOT\webroot\index.php, line 37



2015-06-18 14:46:14 Error: [Cake\Controller\Exception\MissingActionException] Action LoginMoscamedController::js() could not be found, or is not accessible.
Exception Attributes: array (
  'controller' => 'LoginMoscamedController',
  'action' => 'js',
  'prefix' => '',
  'plugin' => NULL,
)
Request URL: /Projeto/Cake/login_moscamed/js/script.js
Stack Trace:
#0 C:\xampp\htdocs\Projeto\Cake\vendor\cakephp\cakephp\src\Routing\Dispatcher.php(114): Cake\Controller\Controller->invokeAction()
#1 C:\xampp\htdocs\Projeto\Cake\vendor\cakephp\cakephp\src\Routing\Dispatcher.php(87): Cake\Routing\Dispatcher->_invoke(Object(App\Controller\LoginMoscamedController))
#2 C:\xampp\htdocs\Projeto\Cake\webroot\index.php(37): Cake\Routing\Dispatcher->dispatch(Object(Cake\Network\Request), Object(Cake\Network\Response))
#3 {main}


2015-06-18 14:48:24 Error: [Cake\Controller\Exception\MissingActionException] Action LoginMoscamedController::js() could not be found, or is not accessible.
Exception Attributes: array (
  'controller' => 'LoginMoscamedController',
  'action' => 'js',
  'prefix' => '',
  'plugin' => NULL,
)
Request URL: /Projeto/Cake/login_moscamed/js/script.js
Stack Trace:
#0 C:\xampp\htdocs\Projeto\Cake\vendor\cakephp\cakephp\src\Routing\Dispatcher.php(114): Cake\Controller\Controller->invokeAction()
#1 C:\xampp\htdocs\Projeto\Cake\vendor\cakephp\cakephp\src\Routing\Dispatcher.php(87): Cake\Routing\Dispatcher->_invoke(Object(App\Controller\LoginMoscamedController))
#2 C:\xampp\htdocs\Projeto\Cake\webroot\index.php(37): Cake\Routing\Dispatcher->dispatch(Object(Cake\Network\Request), Object(Cake\Network\Response))
#3 {main}


2015-06-18 14:48:41 Error: [Cake\Controller\Exception\MissingActionException] Action LoginMoscamedController::js() could not be found, or is not accessible.
Exception Attributes: array (
  'controller' => 'LoginMoscamedController',
  'action' => 'js',
  'prefix' => '',
  'plugin' => NULL,
)
Request URL: /Projeto/Cake/login_moscamed/js/script.js
Stack Trace:
#0 C:\xampp\htdocs\Projeto\Cake\vendor\cakephp\cakephp\src\Routing\Dispatcher.php(114): Cake\Controller\Controller->invokeAction()
#1 C:\xampp\htdocs\Projeto\Cake\vendor\cakephp\cakephp\src\Routing\Dispatcher.php(87): Cake\Routing\Dispatcher->_invoke(Object(App\Controller\LoginMoscamedController))
#2 C:\xampp\htdocs\Projeto\Cake\webroot\index.php(37): Cake\Routing\Dispatcher->dispatch(Object(Cake\Network\Request), Object(Cake\Network\Response))
#3 {main}


2015-06-18 14:49:00 Error: [Cake\Controller\Exception\MissingActionException] Action LoginMoscamedController::js() could not be found, or is not accessible.
Exception Attributes: array (
  'controller' => 'LoginMoscamedController',
  'action' => 'js',
  'prefix' => '',
  'plugin' => NULL,
)
Request URL: /Projeto/Cake/login_moscamed/js/script.js
Stack Trace:
#0 C:\xampp\htdocs\Projeto\Cake\vendor\cakephp\cakephp\src\Routing\Dispatcher.php(114): Cake\Controller\Controller->invokeAction()
#1 C:\xampp\htdocs\Projeto\Cake\vendor\cakephp\cakephp\src\Routing\Dispatcher.php(87): Cake\Routing\Dispatcher->_invoke(Object(App\Controller\LoginMoscamedController))
#2 C:\xampp\htdocs\Projeto\Cake\webroot\index.php(37): Cake\Routing\Dispatcher->dispatch(Object(Cake\Network\Request), Object(Cake\Network\Response))
#3 {main}


2015-06-18 14:49:05 Error: [Cake\Controller\Exception\MissingActionException] Action LoginMoscamedController::js() could not be found, or is not accessible.
Exception Attributes: array (
  'controller' => 'LoginMoscamedController',
  'action' => 'js',
  'prefix' => '',
  'plugin' => NULL,
)
Request URL: /Projeto/Cake/login_moscamed/js/script.js
Stack Trace:
#0 C:\xampp\htdocs\Projeto\Cake\vendor\cakephp\cakephp\src\Routing\Dispatcher.php(114): Cake\Controller\Controller->invokeAction()
#1 C:\xampp\htdocs\Projeto\Cake\vendor\cakephp\cakephp\src\Routing\Dispatcher.php(87): Cake\Routing\Dispatcher->_invoke(Object(App\Controller\LoginMoscamedController))
#2 C:\xampp\htdocs\Projeto\Cake\webroot\index.php(37): Cake\Routing\Dispatcher->dispatch(Object(Cake\Network\Request), Object(Cake\Network\Response))
#3 {main}


2015-06-18 14:51:27 Error: [Cake\Controller\Exception\MissingActionException] Action LoginMoscamedController::delete() could not be found, or is not accessible.
Exception Attributes: array (
  'controller' => 'LoginMoscamedController',
  'action' => 'delete',
  'prefix' => '',
  'plugin' => NULL,
)
Request URL: /Projeto/Cake/login_moscamed/delete/guto1
Stack Trace:
#0 C:\xampp\htdocs\Projeto\Cake\vendor\cakephp\cakephp\src\Routing\Dispatcher.php(114): Cake\Controller\Controller->invokeAction()
#1 C:\xampp\htdocs\Projeto\Cake\vendor\cakephp\cakephp\src\Routing\Dispatcher.php(87): Cake\Routing\Dispatcher->_invoke(Object(App\Controller\LoginMoscamedController))
#2 C:\xampp\htdocs\Projeto\Cake\webroot\index.php(37): Cake\Routing\Dispatcher->dispatch(Object(Cake\Network\Request), Object(Cake\Network\Response))
#3 {main}


2015-06-18 14:53:40 Warning: Warning (2): Invalid argument supplied for foreach() in [C:\xampp\htdocs\Projeto\Cake\src\Template\LoginMoscamed\edit.ctp, line 18]
Trace:
Cake\Error\BaseErrorHandler::handleError() - CORE\src\Error\BaseErrorHandler.php, line 138
include - APP/Template\LoginMoscamed\edit.ctp, line 18
Cake\View\View::_evaluate() - CORE\src\View\View.php, line 815
Cake\View\View::_render() - CORE\src\View\View.php, line 775
Cake\View\View::render() - CORE\src\View\View.php, line 463
Cake\Controller\Controller::render() - CORE\src\Controller\Controller.php, line 581
Cake\Routing\Dispatcher::_invoke() - CORE\src\Routing\Dispatcher.php, line 120
Cake\Routing\Dispatcher::dispatch() - CORE\src\Routing\Dispatcher.php, line 87
[main] - ROOT\webroot\index.php, line 37



2015-06-18 14:53:53 Warning: Warning (2): Invalid argument supplied for foreach() in [C:\xampp\htdocs\Projeto\Cake\src\Template\LoginMoscamed\edit.ctp, line 18]
Trace:
Cake\Error\BaseErrorHandler::handleError() - CORE\src\Error\BaseErrorHandler.php, line 138
include - APP/Template\LoginMoscamed\edit.ctp, line 18
Cake\View\View::_evaluate() - CORE\src\View\View.php, line 815
Cake\View\View::_render() - CORE\src\View\View.php, line 775
Cake\View\View::render() - CORE\src\View\View.php, line 463
Cake\Controller\Controller::render() - CORE\src\Controller\Controller.php, line 581
Cake\Routing\Dispatcher::_invoke() - CORE\src\Routing\Dispatcher.php, line 120
Cake\Routing\Dispatcher::dispatch() - CORE\src\Routing\Dispatcher.php, line 87
[main] - ROOT\webroot\index.php, line 37



2015-06-18 15:02:46 Warning: Warning (2): Invalid argument supplied for foreach() in [C:\xampp\htdocs\Projeto\Cake\src\Template\LoginMoscamed\edit.ctp, line 18]
Trace:
Cake\Error\BaseErrorHandler::handleError() - CORE\src\Error\BaseErrorHandler.php, line 138
include - APP/Template\LoginMoscamed\edit.ctp, line 18
Cake\View\View::_evaluate() - CORE\src\View\View.php, line 815
Cake\View\View::_render() - CORE\src\View\View.php, line 775
Cake\View\View::render() - CORE\src\View\View.php, line 463
Cake\Controller\Controller::render() - CORE\src\Controller\Controller.php, line 581
Cake\Routing\Dispatcher::_invoke() - CORE\src\Routing\Dispatcher.php, line 120
Cake\Routing\Dispatcher::dispatch() - CORE\src\Routing\Dispatcher.php, line 87
[main] - ROOT\webroot\index.php, line 37



2015-06-18 15:04:33 Error: [Cake\Controller\Exception\MissingActionException] Action LoginMoscamedController::js() could not be found, or is not accessible.
Exception Attributes: array (
  'controller' => 'LoginMoscamedController',
  'action' => 'js',
  'prefix' => '',
  'plugin' => NULL,
)
Request URL: /Projeto/Cake/login_moscamed/js/script.js
Stack Trace:
#0 C:\xampp\htdocs\Projeto\Cake\vendor\cakephp\cakephp\src\Routing\Dispatcher.php(114): Cake\Controller\Controller->invokeAction()
#1 C:\xampp\htdocs\Projeto\Cake\vendor\cakephp\cakephp\src\Routing\Dispatcher.php(87): Cake\Routing\Dispatcher->_invoke(Object(App\Controller\LoginMoscamedController))
#2 C:\xampp\htdocs\Projeto\Cake\webroot\index.php(37): Cake\Routing\Dispatcher->dispatch(Object(Cake\Network\Request), Object(Cake\Network\Response))
#3 {main}


2015-06-18 15:13:19 Warning: Warning (2): Invalid argument supplied for foreach() in [C:\xampp\htdocs\Projeto\Cake\src\Template\LoginMoscamed\edit.ctp, line 18]
Trace:
Cake\Error\BaseErrorHandler::handleError() - CORE\src\Error\BaseErrorHandler.php, line 138
include - APP/Template\LoginMoscamed\edit.ctp, line 18
Cake\View\View::_evaluate() - CORE\src\View\View.php, line 815
Cake\View\View::_render() - CORE\src\View\View.php, line 775
Cake\View\View::render() - CORE\src\View\View.php, line 463
Cake\Controller\Controller::render() - CORE\src\Controller\Controller.php, line 581
Cake\Routing\Dispatcher::_invoke() - CORE\src\Routing\Dispatcher.php, line 120
Cake\Routing\Dispatcher::dispatch() - CORE\src\Routing\Dispatcher.php, line 87
[main] - ROOT\webroot\index.php, line 37



2015-06-18 15:14:03 Error: [Cake\Controller\Exception\MissingActionException] Action LoginMoscamedController::js() could not be found, or is not accessible.
Exception Attributes: array (
  'controller' => 'LoginMoscamedController',
  'action' => 'js',
  'prefix' => '',
  'plugin' => NULL,
)
Request URL: /Projeto/Cake/login_moscamed/js/script.js
Stack Trace:
#0 C:\xampp\htdocs\Projeto\Cake\vendor\cakephp\cakephp\src\Routing\Dispatcher.php(114): Cake\Controller\Controller->invokeAction()
#1 C:\xampp\htdocs\Projeto\Cake\vendor\cakephp\cakephp\src\Routing\Dispatcher.php(87): Cake\Routing\Dispatcher->_invoke(Object(App\Controller\LoginMoscamedController))
#2 C:\xampp\htdocs\Projeto\Cake\webroot\index.php(37): Cake\Routing\Dispatcher->dispatch(Object(Cake\Network\Request), Object(Cake\Network\Response))
#3 {main}


2015-06-18 15:15:12 Error: [Cake\Controller\Exception\MissingActionException] Action LoginMoscamedController::js() could not be found, or is not accessible.
Exception Attributes: array (
  'controller' => 'LoginMoscamedController',
  'action' => 'js',
  'prefix' => '',
  'plugin' => NULL,
)
Request URL: /Projeto/Cake/login_moscamed/js/script.js
Stack Trace:
#0 C:\xampp\htdocs\Projeto\Cake\vendor\cakephp\cakephp\src\Routing\Dispatcher.php(114): Cake\Controller\Controller->invokeAction()
#1 C:\xampp\htdocs\Projeto\Cake\vendor\cakephp\cakephp\src\Routing\Dispatcher.php(87): Cake\Routing\Dispatcher->_invoke(Object(App\Controller\LoginMoscamedController))
#2 C:\xampp\htdocs\Projeto\Cake\webroot\index.php(37): Cake\Routing\Dispatcher->dispatch(Object(Cake\Network\Request), Object(Cake\Network\Response))
#3 {main}


2015-06-18 15:15:17 Error: [Cake\Controller\Exception\MissingActionException] Action LoginMoscamedController::js() could not be found, or is not accessible.
Exception Attributes: array (
  'controller' => 'LoginMoscamedController',
  'action' => 'js',
  'prefix' => '',
  'plugin' => NULL,
)
Request URL: /Projeto/Cake/login_moscamed/js/script.js
Stack Trace:
#0 C:\xampp\htdocs\Projeto\Cake\vendor\cakephp\cakephp\src\Routing\Dispatcher.php(114): Cake\Controller\Controller->invokeAction()
#1 C:\xampp\htdocs\Projeto\Cake\vendor\cakephp\cakephp\src\Routing\Dispatcher.php(87): Cake\Routing\Dispatcher->_invoke(Object(App\Controller\LoginMoscamedController))
#2 C:\xampp\htdocs\Projeto\Cake\webroot\index.php(37): Cake\Routing\Dispatcher->dispatch(Object(Cake\Network\Request), Object(Cake\Network\Response))
#3 {main}


2015-06-18 15:15:27 Error: [Cake\Controller\Exception\MissingActionException] Action LoginMoscamedController::js() could not be found, or is not accessible.
Exception Attributes: array (
  'controller' => 'LoginMoscamedController',
  'action' => 'js',
  'prefix' => '',
  'plugin' => NULL,
)
Request URL: /Projeto/Cake/login_moscamed/js/script.js
Stack Trace:
#0 C:\xampp\htdocs\Projeto\Cake\vendor\cakephp\cakephp\src\Routing\Dispatcher.php(114): Cake\Controller\Controller->invokeAction()
#1 C:\xampp\htdocs\Projeto\Cake\vendor\cakephp\cakephp\src\Routing\Dispatcher.php(87): Cake\Routing\Dispatcher->_invoke(Object(App\Controller\LoginMoscamedController))
#2 C:\xampp\htdocs\Projeto\Cake\webroot\index.php(37): Cake\Routing\Dispatcher->dispatch(Object(Cake\Network\Request), Object(Cake\Network\Response))
#3 {main}


2015-06-18 15:15:31 Error: [Cake\Controller\Exception\MissingActionException] Action LoginMoscamedController::js() could not be found, or is not accessible.
Exception Attributes: array (
  'controller' => 'LoginMoscamedController',
  'action' => 'js',
  'prefix' => '',
  'plugin' => NULL,
)
Request URL: /Projeto/Cake/login_moscamed/js/script.js
Stack Trace:
#0 C:\xampp\htdocs\Projeto\Cake\vendor\cakephp\cakephp\src\Routing\Dispatcher.php(114): Cake\Controller\Controller->invokeAction()
#1 C:\xampp\htdocs\Projeto\Cake\vendor\cakephp\cakephp\src\Routing\Dispatcher.php(87): Cake\Routing\Dispatcher->_invoke(Object(App\Controller\LoginMoscamedController))
#2 C:\xampp\htdocs\Projeto\Cake\webroot\index.php(37): Cake\Routing\Dispatcher->dispatch(Object(Cake\Network\Request), Object(Cake\Network\Response))
#3 {main}


2015-06-18 15:20:16 Warning: Warning (2): Invalid argument supplied for foreach() in [C:\xampp\htdocs\Projeto\Cake\src\Template\LoginMoscamed\edit.ctp, line 18]
Trace:
Cake\Error\BaseErrorHandler::handleError() - CORE\src\Error\BaseErrorHandler.php, line 138
include - APP/Template\LoginMoscamed\edit.ctp, line 18
Cake\View\View::_evaluate() - CORE\src\View\View.php, line 815
Cake\View\View::_render() - CORE\src\View\View.php, line 775
Cake\View\View::render() - CORE\src\View\View.php, line 463
Cake\Controller\Controller::render() - CORE\src\Controller\Controller.php, line 581
Cake\Routing\Dispatcher::_invoke() - CORE\src\Routing\Dispatcher.php, line 120
Cake\Routing\Dispatcher::dispatch() - CORE\src\Routing\Dispatcher.php, line 87
[main] - ROOT\webroot\index.php, line 37



2015-06-18 15:22:59 Error: Fatal Error (1): Call to a member function get() on boolean in [C:\xampp\htdocs\Projeto\Cake\src\Controller\LoginMoscamedController.php, line 41]
Trace:
Cake\Error\BaseErrorHandler::handleFatalError() - CORE\src\Error\BaseErrorHandler.php, line 191
Cake\Error\BaseErrorHandler::Cake\Error\{closure}() - CORE\src\Error\BaseErrorHandler.php, line 90
[main] - [internal], line ??



2015-06-18 15:22:59 Error: [Cake\Error\FatalErrorException] Call to a member function get() on boolean
Request URL: /Projeto/Cake/login_moscamed/edit
Stack Trace:
#0 C:\xampp\htdocs\Projeto\Cake\vendor\cakephp\cakephp\src\Error\BaseErrorHandler.php(90): Cake\Error\BaseErrorHandler->handleFatalError(1, 'Call to a membe...', 'C:\\xampp\\htdocs...', 41)
#1 [internal function]: Cake\Error\BaseErrorHandler->Cake\Error\{closure}()
#2 {main}


2015-06-18 15:23:07 Error: Fatal Error (1): Call to a member function get() on boolean in [C:\xampp\htdocs\Projeto\Cake\src\Controller\LoginMoscamedController.php, line 41]
Trace:
Cake\Error\BaseErrorHandler::handleFatalError() - CORE\src\Error\BaseErrorHandler.php, line 191
Cake\Error\BaseErrorHandler::Cake\Error\{closure}() - CORE\src\Error\BaseErrorHandler.php, line 90
[main] - [internal], line ??



2015-06-18 15:23:07 Error: [Cake\Error\FatalErrorException] Call to a member function get() on boolean
Request URL: /Projeto/Cake/login_moscamed/edit/guto1
Stack Trace:
#0 C:\xampp\htdocs\Projeto\Cake\vendor\cakephp\cakephp\src\Error\BaseErrorHandler.php(90): Cake\Error\BaseErrorHandler->handleFatalError(1, 'Call to a membe...', 'C:\\xampp\\htdocs...', 41)
#1 [internal function]: Cake\Error\BaseErrorHandler->Cake\Error\{closure}()
#2 {main}


2015-06-18 15:25:50 Error: Fatal Error (1): Call to a member function patchEntity() on boolean in [C:\xampp\htdocs\Projeto\Cake\src\Controller\LoginMoscamedController.php, line 45]
Trace:
Cake\Error\BaseErrorHandler::handleFatalError() - CORE\src\Error\BaseErrorHandler.php, line 191
Cake\Error\BaseErrorHandler::Cake\Error\{closure}() - CORE\src\Error\BaseErrorHandler.php, line 90
[main] - [internal], line ??



2015-06-18 15:25:50 Error: [Cake\Error\FatalErrorException] Call to a member function patchEntity() on boolean
Request URL: /Projeto/Cake/login_moscamed/edit/guto1
Stack Trace:
#0 C:\xampp\htdocs\Projeto\Cake\vendor\cakephp\cakephp\src\Error\BaseErrorHandler.php(90): Cake\Error\BaseErrorHandler->handleFatalError(1, 'Call to a membe...', 'C:\\xampp\\htdocs...', 45)
#1 [internal function]: Cake\Error\BaseErrorHandler->Cake\Error\{closure}()
#2 {main}


2015-06-18 15:26:18 Error: Fatal Error (1): Call to a member function patchEntity() on boolean in [C:\xampp\htdocs\Projeto\Cake\src\Controller\LoginMoscamedController.php, line 45]
Trace:
Cake\Error\BaseErrorHandler::handleFatalError() - CORE\src\Error\BaseErrorHandler.php, line 191
Cake\Error\BaseErrorHandler::Cake\Error\{closure}() - CORE\src\Error\BaseErrorHandler.php, line 90
[main] - [internal], line ??



2015-06-18 15:26:18 Error: [Cake\Error\FatalErrorException] Call to a member function patchEntity() on boolean
Request URL: /Projeto/Cake/login_moscamed/edit/renatorusso
Stack Trace:
#0 C:\xampp\htdocs\Projeto\Cake\vendor\cakephp\cakephp\src\Error\BaseErrorHandler.php(90): Cake\Error\BaseErrorHandler->handleFatalError(1, 'Call to a membe...', 'C:\\xampp\\htdocs...', 45)
#1 [internal function]: Cake\Error\BaseErrorHandler->Cake\Error\{closure}()
#2 {main}


2015-06-18 15:27:37 Error: Fatal Error (1): Call to a member function patchEntity() on null in [C:\xampp\htdocs\Projeto\Cake\src\Controller\LoginMoscamedController.php, line 45]
Trace:
Cake\Error\BaseErrorHandler::handleFatalError() - CORE\src\Error\BaseErrorHandler.php, line 191
Cake\Error\BaseErrorHandler::Cake\Error\{closure}() - CORE\src\Error\BaseErrorHandler.php, line 90
[main] - [internal], line ??



2015-06-18 15:27:37 Error: [Cake\Error\FatalErrorException] Call to a member function patchEntity() on null
Request URL: /Projeto/Cake/login_moscamed/edit/renatorusso
Stack Trace:
#0 C:\xampp\htdocs\Projeto\Cake\vendor\cakephp\cakephp\src\Error\BaseErrorHandler.php(90): Cake\Error\BaseErrorHandler->handleFatalError(1, 'Call to a membe...', 'C:\\xampp\\htdocs...', 45)
#1 [internal function]: Cake\Error\BaseErrorHandler->Cake\Error\{closure}()
#2 {main}


2015-06-18 15:31:06 Error: [Cake\Controller\Exception\MissingActionException] Action LoginMoscamedController::js() could not be found, or is not accessible.
Exception Attributes: array (
  'controller' => 'LoginMoscamedController',
  'action' => 'js',
  'prefix' => '',
  'plugin' => NULL,
)
Request URL: /Projeto/Cake/login_moscamed/js/script.js
Stack Trace:
#0 C:\xampp\htdocs\Projeto\Cake\vendor\cakephp\cakephp\src\Routing\Dispatcher.php(114): Cake\Controller\Controller->invokeAction()
#1 C:\xampp\htdocs\Projeto\Cake\vendor\cakephp\cakephp\src\Routing\Dispatcher.php(87): Cake\Routing\Dispatcher->_invoke(Object(App\Controller\LoginMoscamedController))
#2 C:\xampp\htdocs\Projeto\Cake\webroot\index.php(37): Cake\Routing\Dispatcher->dispatch(Object(Cake\Network\Request), Object(Cake\Network\Response))
#3 {main}


2015-06-18 15:32:07 Error: [Cake\Controller\Exception\MissingActionException] Action LoginMoscamedController::delete() could not be found, or is not accessible.
Exception Attributes: array (
  'controller' => 'LoginMoscamedController',
  'action' => 'delete',
  'prefix' => '',
  'plugin' => NULL,
)
Request URL: /Projeto/Cake/login_moscamed/delete/novo
Stack Trace:
#0 C:\xampp\htdocs\Projeto\Cake\vendor\cakephp\cakephp\src\Routing\Dispatcher.php(114): Cake\Controller\Controller->invokeAction()
#1 C:\xampp\htdocs\Projeto\Cake\vendor\cakephp\cakephp\src\Routing\Dispatcher.php(87): Cake\Routing\Dispatcher->_invoke(Object(App\Controller\LoginMoscamedController))
#2 C:\xampp\htdocs\Projeto\Cake\webroot\index.php(37): Cake\Routing\Dispatcher->dispatch(Object(Cake\Network\Request), Object(Cake\Network\Response))
#3 {main}


2015-06-18 15:32:13 Error: [Cake\Datasource\Exception\InvalidPrimaryKeyException] Record not found in table "login" with primary key [NULL]
Request URL: /Projeto/Cake/login_moscamed/edit
Stack Trace:
#0 C:\xampp\htdocs\Projeto\Cake\src\Controller\LoginMoscamedController.php(43): Cake\ORM\Table->get(NULL, Array)
#1 [internal function]: App\Controller\LoginMoscamedController->edit()
#2 C:\xampp\htdocs\Projeto\Cake\vendor\cakephp\cakephp\src\Controller\Controller.php(410): call_user_func_array(Array, Array)
#3 C:\xampp\htdocs\Projeto\Cake\vendor\cakephp\cakephp\src\Routing\Dispatcher.php(114): Cake\Controller\Controller->invokeAction()
#4 C:\xampp\htdocs\Projeto\Cake\vendor\cakephp\cakephp\src\Routing\Dispatcher.php(87): Cake\Routing\Dispatcher->_invoke(Object(App\Controller\LoginMoscamedController))
#5 C:\xampp\htdocs\Projeto\Cake\webroot\index.php(37): Cake\Routing\Dispatcher->dispatch(Object(Cake\Network\Request), Object(Cake\Network\Response))
#6 {main}


2015-06-18 15:38:53 Error: [Cake\Controller\Exception\MissingActionException] Action LoginMoscamedController::js() could not be found, or is not accessible.
Exception Attributes: array (
  'controller' => 'LoginMoscamedController',
  'action' => 'js',
  'prefix' => '',
  'plugin' => NULL,
)
Request URL: /Projeto/Cake/login_moscamed/js/script.js
Stack Trace:
#0 C:\xampp\htdocs\Projeto\Cake\vendor\cakephp\cakephp\src\Routing\Dispatcher.php(114): Cake\Controller\Controller->invokeAction()
#1 C:\xampp\htdocs\Projeto\Cake\vendor\cakephp\cakephp\src\Routing\Dispatcher.php(87): Cake\Routing\Dispatcher->_invoke(Object(App\Controller\LoginMoscamedController))
#2 C:\xampp\htdocs\Projeto\Cake\webroot\index.php(37): Cake\Routing\Dispatcher->dispatch(Object(Cake\Network\Request), Object(Cake\Network\Response))
#3 {main}


2015-06-30 13:43:57 Error: [Cake\Controller\Exception\MissingActionException] Action LoginMoscamedController::js() could not be found, or is not accessible.
Exception Attributes: array (
  'controller' => 'LoginMoscamedController',
  'action' => 'js',
  'prefix' => '',
  'plugin' => NULL,
)
Request URL: /ProjetoESII/Projeto/Cake/login_moscamed/js/script.js
Stack Trace:
#0 C:\xampp\htdocs\ProjetoESII\Projeto\Cake\vendor\cakephp\cakephp\src\Routing\Dispatcher.php(114): Cake\Controller\Controller->invokeAction()
#1 C:\xampp\htdocs\ProjetoESII\Projeto\Cake\vendor\cakephp\cakephp\src\Routing\Dispatcher.php(87): Cake\Routing\Dispatcher->_invoke(Object(App\Controller\LoginMoscamedController))
#2 C:\xampp\htdocs\ProjetoESII\Projeto\Cake\webroot\index.php(37): Cake\Routing\Dispatcher->dispatch(Object(Cake\Network\Request), Object(Cake\Network\Response))
#3 {main}


2015-06-30 13:44:08 Error: [Cake\Controller\Exception\MissingActionException] Action LoginMoscamedController::js() could not be found, or is not accessible.
Exception Attributes: array (
  'controller' => 'LoginMoscamedController',
  'action' => 'js',
  'prefix' => '',
  'plugin' => NULL,
)
Request URL: /ProjetoESII/Projeto/Cake/login_moscamed/js/script.js
Stack Trace:
#0 C:\xampp\htdocs\ProjetoESII\Projeto\Cake\vendor\cakephp\cakephp\src\Routing\Dispatcher.php(114): Cake\Controller\Controller->invokeAction()
#1 C:\xampp\htdocs\ProjetoESII\Projeto\Cake\vendor\cakephp\cakephp\src\Routing\Dispatcher.php(87): Cake\Routing\Dispatcher->_invoke(Object(App\Controller\LoginMoscamedController))
#2 C:\xampp\htdocs\ProjetoESII\Projeto\Cake\webroot\index.php(37): Cake\Routing\Dispatcher->dispatch(Object(Cake\Network\Request), Object(Cake\Network\Response))
#3 {main}


2015-06-30 13:44:21 Error: [Cake\Controller\Exception\MissingActionException] Action LoginMoscamedController::js() could not be found, or is not accessible.
Exception Attributes: array (
  'controller' => 'LoginMoscamedController',
  'action' => 'js',
  'prefix' => '',
  'plugin' => NULL,
)
Request URL: /ProjetoESII/Projeto/Cake/login_moscamed/js/script.js
Stack Trace:
#0 C:\xampp\htdocs\ProjetoESII\Projeto\Cake\vendor\cakephp\cakephp\src\Routing\Dispatcher.php(114): Cake\Controller\Controller->invokeAction()
#1 C:\xampp\htdocs\ProjetoESII\Projeto\Cake\vendor\cakephp\cakephp\src\Routing\Dispatcher.php(87): Cake\Routing\Dispatcher->_invoke(Object(App\Controller\LoginMoscamedController))
#2 C:\xampp\htdocs\ProjetoESII\Projeto\Cake\webroot\index.php(37): Cake\Routing\Dispatcher->dispatch(Object(Cake\Network\Request), Object(Cake\Network\Response))
#3 {main}


2015-06-30 13:46:20 Error: [Cake\Controller\Exception\MissingActionException] Action LoginMoscamedController::js() could not be found, or is not accessible.
Exception Attributes: array (
  'controller' => 'LoginMoscamedController',
  'action' => 'js',
  'prefix' => '',
  'plugin' => NULL,
)
Request URL: /ProjetoESII/Projeto/Cake/login_moscamed/js/script.js
Stack Trace:
#0 C:\xampp\htdocs\ProjetoESII\Projeto\Cake\vendor\cakephp\cakephp\src\Routing\Dispatcher.php(114): Cake\Controller\Controller->invokeAction()
#1 C:\xampp\htdocs\ProjetoESII\Projeto\Cake\vendor\cakephp\cakephp\src\Routing\Dispatcher.php(87): Cake\Routing\Dispatcher->_invoke(Object(App\Controller\LoginMoscamedController))
#2 C:\xampp\htdocs\ProjetoESII\Projeto\Cake\webroot\index.php(37): Cake\Routing\Dispatcher->dispatch(Object(Cake\Network\Request), Object(Cake\Network\Response))
#3 {main}


2015-06-30 13:46:34 Error: [Cake\Controller\Exception\MissingActionException] Action LoginMoscamedController::admin() could not be found, or is not accessible.
Exception Attributes: array (
  'controller' => 'LoginMoscamedController',
  'action' => 'admin',
  'prefix' => '',
  'plugin' => NULL,
)
Request URL: /ProjetoESII/Projeto/Cake/login_moscamed/admin
Stack Trace:
#0 C:\xampp\htdocs\ProjetoESII\Projeto\Cake\vendor\cakephp\cakephp\src\Routing\Dispatcher.php(114): Cake\Controller\Controller->invokeAction()
#1 C:\xampp\htdocs\ProjetoESII\Projeto\Cake\vendor\cakephp\cakephp\src\Routing\Dispatcher.php(87): Cake\Routing\Dispatcher->_invoke(Object(App\Controller\LoginMoscamedController))
#2 C:\xampp\htdocs\ProjetoESII\Projeto\Cake\webroot\index.php(37): Cake\Routing\Dispatcher->dispatch(Object(Cake\Network\Request), Object(Cake\Network\Response))
#3 {main}


2015-06-30 13:46:53 Error: [Cake\Controller\Exception\MissingActionException] Action LoginMoscamedController::js() could not be found, or is not accessible.
Exception Attributes: array (
  'controller' => 'LoginMoscamedController',
  'action' => 'js',
  'prefix' => '',
  'plugin' => NULL,
)
Request URL: /ProjetoESII/Projeto/Cake/login_moscamed/js/script.js
Stack Trace:
#0 C:\xampp\htdocs\ProjetoESII\Projeto\Cake\vendor\cakephp\cakephp\src\Routing\Dispatcher.php(114): Cake\Controller\Controller->invokeAction()
#1 C:\xampp\htdocs\ProjetoESII\Projeto\Cake\vendor\cakephp\cakephp\src\Routing\Dispatcher.php(87): Cake\Routing\Dispatcher->_invoke(Object(App\Controller\LoginMoscamedController))
#2 C:\xampp\htdocs\ProjetoESII\Projeto\Cake\webroot\index.php(37): Cake\Routing\Dispatcher->dispatch(Object(Cake\Network\Request), Object(Cake\Network\Response))
#3 {main}


2015-06-30 13:47:05 Error: [Cake\Controller\Exception\MissingActionException] Action LoginMoscamedController::temperaturatransporte() could not be found, or is not accessible.
Exception Attributes: array (
  'controller' => 'LoginMoscamedController',
  'action' => 'temperaturatransporte',
  'prefix' => '',
  'plugin' => NULL,
)
Request URL: /ProjetoESII/Projeto/Cake/login_moscamed/temperaturatransporte
Stack Trace:
#0 C:\xampp\htdocs\ProjetoESII\Projeto\Cake\vendor\cakephp\cakephp\src\Routing\Dispatcher.php(114): Cake\Controller\Controller->invokeAction()
#1 C:\xampp\htdocs\ProjetoESII\Projeto\Cake\vendor\cakephp\cakephp\src\Routing\Dispatcher.php(87): Cake\Routing\Dispatcher->_invoke(Object(App\Controller\LoginMoscamedController))
#2 C:\xampp\htdocs\ProjetoESII\Projeto\Cake\webroot\index.php(37): Cake\Routing\Dispatcher->dispatch(Object(Cake\Network\Request), Object(Cake\Network\Response))
#3 {main}


2015-06-30 13:49:41 Error: [Cake\Controller\Exception\MissingActionException] Action LoginMoscamedController::js() could not be found, or is not accessible.
Exception Attributes: array (
  'controller' => 'LoginMoscamedController',
  'action' => 'js',
  'prefix' => '',
  'plugin' => NULL,
)
Request URL: /ProjetoESII/Projeto/Cake/login_moscamed/js/script.js
Stack Trace:
#0 C:\xampp\htdocs\ProjetoESII\Projeto\Cake\vendor\cakephp\cakephp\src\Routing\Dispatcher.php(114): Cake\Controller\Controller->invokeAction()
#1 C:\xampp\htdocs\ProjetoESII\Projeto\Cake\vendor\cakephp\cakephp\src\Routing\Dispatcher.php(87): Cake\Routing\Dispatcher->_invoke(Object(App\Controller\LoginMoscamedController))
#2 C:\xampp\htdocs\ProjetoESII\Projeto\Cake\webroot\index.php(37): Cake\Routing\Dispatcher->dispatch(Object(Cake\Network\Request), Object(Cake\Network\Response))
#3 {main}


2015-06-30 13:50:03 Error: [Cake\Controller\Exception\MissingActionException] Action LoginMoscamedController::js() could not be found, or is not accessible.
Exception Attributes: array (
  'controller' => 'LoginMoscamedController',
  'action' => 'js',
  'prefix' => '',
  'plugin' => NULL,
)
Request URL: /ProjetoESII/Projeto/Cake/login_moscamed/js/script.js
Stack Trace:
#0 C:\xampp\htdocs\ProjetoESII\Projeto\Cake\vendor\cakephp\cakephp\src\Routing\Dispatcher.php(114): Cake\Controller\Controller->invokeAction()
#1 C:\xampp\htdocs\ProjetoESII\Projeto\Cake\vendor\cakephp\cakephp\src\Routing\Dispatcher.php(87): Cake\Routing\Dispatcher->_invoke(Object(App\Controller\LoginMoscamedController))
#2 C:\xampp\htdocs\ProjetoESII\Projeto\Cake\webroot\index.php(37): Cake\Routing\Dispatcher->dispatch(Object(Cake\Network\Request), Object(Cake\Network\Response))
#3 {main}


